{"/app/api/index.js":{"path":"/app/api/index.js","statementMap":{"0":{"start":{"line":3,"column":29},"end":{"line":3,"column":84}},"1":{"start":{"line":5,"column":15},"end":{"line":5,"column":57}},"2":{"start":{"line":7,"column":18},"end":{"line":7,"column":64}},"3":{"start":{"line":9,"column":21},"end":{"line":9,"column":85}},"4":{"start":{"line":11,"column":19},"end":{"line":11,"column":81}},"5":{"start":{"line":13,"column":19},"end":{"line":13,"column":81}},"6":{"start":{"line":15,"column":23},"end":{"line":15,"column":89}},"7":{"start":{"line":17,"column":10},"end":{"line":17,"column":36}},"8":{"start":{"line":18,"column":0},"end":{"line":18,"column":39}},"9":{"start":{"line":19,"column":0},"end":{"line":21,"column":4}},"10":{"start":{"line":22,"column":11},"end":{"line":22,"column":35}},"11":{"start":{"line":23,"column":0},"end":{"line":23,"column":52}},"12":{"start":{"line":24,"column":0},"end":{"line":24,"column":48}},"13":{"start":{"line":25,"column":0},"end":{"line":25,"column":48}},"14":{"start":{"line":26,"column":0},"end":{"line":26,"column":55}},"15":{"start":{"line":28,"column":0},"end":{"line":32,"column":3}},"16":{"start":{"line":29,"column":2},"end":{"line":31,"column":5}},"17":{"start":{"line":33,"column":0},"end":{"line":35,"column":3}},"18":{"start":{"line":34,"column":2},"end":{"line":34,"column":57}},"19":{"start":{"line":36,"column":0},"end":{"line":36,"column":21}}},"fnMap":{"0":{"name":"(anonymous_0)","decl":{"start":{"line":28,"column":13},"end":{"line":28,"column":14}},"loc":{"start":{"line":28,"column":33},"end":{"line":32,"column":1}},"line":28},"1":{"name":"(anonymous_1)","decl":{"start":{"line":33,"column":17},"end":{"line":33,"column":18}},"loc":{"start":{"line":33,"column":29},"end":{"line":35,"column":1}},"line":33}},"branchMap":{"0":{"loc":{"start":{"line":22,"column":11},"end":{"line":22,"column":35}},"type":"binary-expr","locations":[{"start":{"line":22,"column":11},"end":{"line":22,"column":27}},{"start":{"line":22,"column":31},"end":{"line":22,"column":35}}],"line":22}},"s":{"0":1,"1":1,"2":1,"3":1,"4":1,"5":1,"6":1,"7":1,"8":1,"9":1,"10":1,"11":1,"12":1,"13":1,"14":1,"15":1,"16":0,"17":1,"18":1,"19":1},"f":{"0":0,"1":1},"b":{"0":[1,1]},"inputSourceMap":{"version":3,"sources":["index.js"],"names":["app","use","bodyParser","json","urlencoded","extended","port","process","env","PORT","ProductRoutes","TableRoutes","OrderRoutes","OrderItemRoutes","get","req","res","status","send","message","listen","console","log","module","exports"],"mappings":";;;;AAAA;;AACA;;AACA;;AACA;;AACA;;AACA;;AAGA,IAAMA,GAAG,GAAG,0BAAZ;AAEAA,GAAG,CAACC,GAAJ,CAAQC,uBAAWC,IAAX,EAAR;AACAH,GAAG,CAACC,GAAJ,CAAQC,uBAAWE,UAAX,CAAsB;AAAEC,EAAAA,QAAQ,EAAE;AAAZ,CAAtB,CAAR;AAEA,IAAMC,IAAI,GAAGC,OAAO,CAACC,GAAR,CAAYC,IAAZ,IAAoB,IAAjC;AAEAT,GAAG,CAACC,GAAJ,CAAQ,eAAR,EAAyBS,yBAAzB;AACAV,GAAG,CAACC,GAAJ,CAAQ,aAAR,EAAuBU,uBAAvB;AACAX,GAAG,CAACC,GAAJ,CAAQ,aAAR,EAAuBW,uBAAvB;AACAZ,GAAG,CAACC,GAAJ,CAAQ,gBAAR,EAA0BY,2BAA1B,E,CAGA;;AACAb,GAAG,CAACc,GAAJ,CAAQ,GAAR,EAAa,UAACC,GAAD,EAAMC,GAAN;AAAA,SAAcA,GAAG,CAACC,MAAJ,CAAW,GAAX,EAAgBC,IAAhB,CAAqB;AAC9CC,IAAAA,OAAO,EAAE;AADqC,GAArB,CAAd;AAAA,CAAb;AAIAnB,GAAG,CAACoB,MAAJ,CAAWd,IAAX,EAAiB,YAAM;AACrBe,EAAAA,OAAO,CAACC,GAAR,qCAAyChB,IAAzC;AACD,CAFD;AAIAiB,MAAM,CAACC,OAAP,GAAiBxB,GAAjB","sourceRoot":"/app/api","sourcesContent":["import express from 'express'\nimport bodyParser from 'body-parser'\nimport ProductRoutes from './server/routes/ProductRoutes';\nimport TableRoutes from './server/routes/TableRoutes';\nimport OrderRoutes from './server/routes/OrderRoutes';\nimport OrderItemRoutes from './server/routes/OrderItemRoutes';\n\n\nconst app = express();\n\napp.use(bodyParser.json());\napp.use(bodyParser.urlencoded({ extended: false }));\n\nconst port = process.env.PORT || 3000;\n\napp.use('/api/products', ProductRoutes);\napp.use('/api/tables', TableRoutes);\napp.use('/api/orders', OrderRoutes);\napp.use('/api/orderItem', OrderItemRoutes);\n\n\n// quando recebe uma rota não listada\napp.get('*', (req, res) => res.status(200).send({\n  message: 'Boas-vindas à API Burger Quenn!',\n}));\n\napp.listen(port, () => {\n  console.log(`Server is running on PORT ${port}`);\n});\n\nmodule.exports = app"]},"_coverageSchema":"1a1c01bbd47fc00a2c39e90264f33305004495a9","hash":"c538b18d33bca840d94bb20e9db2e3dc34901aa4","contentHash":"8c9339fe41a78f53879de36a852bd4d18649773dc08d07976dd6169808fb6b63"},"/app/api/server/routes/ProductRoutes.js":{"path":"/app/api/server/routes/ProductRoutes.js","statementMap":{"0":{"start":{"line":3,"column":29},"end":{"line":3,"column":84}},"1":{"start":{"line":5,"column":0},"end":{"line":7,"column":3}},"2":{"start":{"line":8,"column":0},"end":{"line":8,"column":28}},"3":{"start":{"line":10,"column":15},"end":{"line":10,"column":33}},"4":{"start":{"line":12,"column":25},"end":{"line":12,"column":92}},"5":{"start":{"line":14,"column":13},"end":{"line":14,"column":35}},"6":{"start":{"line":15,"column":0},"end":{"line":15,"column":62}},"7":{"start":{"line":16,"column":0},"end":{"line":16,"column":59}},"8":{"start":{"line":17,"column":0},"end":{"line":17,"column":61}},"9":{"start":{"line":18,"column":0},"end":{"line":18,"column":65}},"10":{"start":{"line":19,"column":0},"end":{"line":19,"column":70}},"11":{"start":{"line":20,"column":15},"end":{"line":20,"column":21}},"12":{"start":{"line":21,"column":0},"end":{"line":21,"column":30}}},"fnMap":{},"branchMap":{},"s":{"0":1,"1":1,"2":1,"3":1,"4":1,"5":1,"6":1,"7":1,"8":1,"9":1,"10":1,"11":1,"12":1},"f":{},"b":{},"inputSourceMap":{"version":3,"sources":["ProductRoutes.js"],"names":["router","get","ProductController","getAllProducts","post","addProduct","getProduct","put","updatedProduct","deleteProduct"],"mappings":";;;;;;;;;AAAA;;AACA;;AAEA,IAAMA,MAAM,GAAG,sBAAf;AACAA,MAAM,CAACC,GAAP,CAAW,GAAX,EAAgBC,8BAAkBC,cAAlC;AACAH,MAAM,CAACI,IAAP,CAAY,GAAZ,EAAiBF,8BAAkBG,UAAnC;AACAL,MAAM,CAACC,GAAP,CAAW,MAAX,EAAmBC,8BAAkBI,UAArC;AACAN,MAAM,CAACO,GAAP,CAAW,MAAX,EAAmBL,8BAAkBM,cAArC;AACAR,MAAM,UAAN,CAAc,MAAd,EAAsBE,8BAAkBO,aAAxC;eACeT,M","sourceRoot":"/app/api/server/routes","sourcesContent":["import { Router } from 'express'\nimport ProductController from '../controllers/ProductController'\n\nconst router = Router()\nrouter.get('/', ProductController.getAllProducts)\nrouter.post('/', ProductController.addProduct)\nrouter.get('/:id', ProductController.getProduct)\nrouter.put('/:id', ProductController.updatedProduct)\nrouter.delete('/:id', ProductController.deleteProduct)\nexport default router"]},"_coverageSchema":"1a1c01bbd47fc00a2c39e90264f33305004495a9","hash":"3c995e3df1e6c42349febfa314c02767c595b447","contentHash":"f1910386b7d0953734ba78b56027e047cbb2f00919d5e2c84cbb797411c5cb63"},"/app/api/server/controllers/ProductController.js":{"path":"/app/api/server/controllers/ProductController.js","statementMap":{"0":{"start":{"line":3,"column":29},"end":{"line":3,"column":84}},"1":{"start":{"line":5,"column":0},"end":{"line":7,"column":3}},"2":{"start":{"line":8,"column":0},"end":{"line":8,"column":28}},"3":{"start":{"line":10,"column":19},"end":{"line":10,"column":80}},"4":{"start":{"line":12,"column":25},"end":{"line":12,"column":99}},"5":{"start":{"line":14,"column":23},"end":{"line":14,"column":95}},"6":{"start":{"line":16,"column":20},"end":{"line":16,"column":89}},"7":{"start":{"line":18,"column":22},"end":{"line":18,"column":83}},"8":{"start":{"line":20,"column":13},"end":{"line":20,"column":62}},"9":{"start":{"line":22,"column":11},"end":{"line":22,"column":34}},"10":{"start":{"line":26,"column":0},"end":{"line":303,"column":3}},"11":{"start":{"line":28,"column":4},"end":{"line":28,"column":62}},"12":{"start":{"line":31,"column":2},"end":{"line":301,"column":6}},"13":{"start":{"line":34,"column":28},"end":{"line":69,"column":9}},"14":{"start":{"line":38,"column":8},"end":{"line":68,"column":36}},"15":{"start":{"line":39,"column":10},"end":{"line":67,"column":11}},"16":{"start":{"line":40,"column":12},"end":{"line":66,"column":13}},"17":{"start":{"line":42,"column":16},"end":{"line":42,"column":34}},"18":{"start":{"line":43,"column":16},"end":{"line":43,"column":34}},"19":{"start":{"line":44,"column":16},"end":{"line":44,"column":67}},"20":{"start":{"line":47,"column":16},"end":{"line":47,"column":44}},"21":{"start":{"line":49,"column":16},"end":{"line":53,"column":17}},"22":{"start":{"line":50,"column":18},"end":{"line":50,"column":74}},"23":{"start":{"line":52,"column":18},"end":{"line":52,"column":59}},"24":{"start":{"line":55,"column":16},"end":{"line":55,"column":65}},"25":{"start":{"line":58,"column":16},"end":{"line":58,"column":34}},"26":{"start":{"line":59,"column":16},"end":{"line":59,"column":51}},"27":{"start":{"line":60,"column":16},"end":{"line":60,"column":48}},"28":{"start":{"line":61,"column":16},"end":{"line":61,"column":65}},"29":{"start":{"line":65,"column":16},"end":{"line":65,"column":39}},"30":{"start":{"line":72,"column":8},"end":{"line":72,"column":54}},"31":{"start":{"line":75,"column":6},"end":{"line":75,"column":28}},"32":{"start":{"line":80,"column":24},"end":{"line":121,"column":9}},"33":{"start":{"line":84,"column":8},"end":{"line":120,"column":38}},"34":{"start":{"line":85,"column":10},"end":{"line":119,"column":11}},"35":{"start":{"line":86,"column":12},"end":{"line":118,"column":13}},"36":{"start":{"line":88,"column":16},"end":{"line":88,"column":38}},"37":{"start":{"line":90,"column":16},"end":{"line":93,"column":17}},"38":{"start":{"line":91,"column":18},"end":{"line":91,"column":37}},"39":{"start":{"line":92,"column":18},"end":{"line":92,"column":24}},"40":{"start":{"line":95,"column":16},"end":{"line":95,"column":70}},"41":{"start":{"line":96,"column":16},"end":{"line":96,"column":66}},"42":{"start":{"line":99,"column":16},"end":{"line":99,"column":38}},"43":{"start":{"line":100,"column":16},"end":{"line":100,"column":35}},"44":{"start":{"line":101,"column":16},"end":{"line":101,"column":35}},"45":{"start":{"line":102,"column":16},"end":{"line":102,"column":73}},"46":{"start":{"line":105,"column":16},"end":{"line":105,"column":48}},"47":{"start":{"line":106,"column":16},"end":{"line":106,"column":71}},"48":{"start":{"line":107,"column":16},"end":{"line":107,"column":66}},"49":{"start":{"line":110,"column":16},"end":{"line":110,"column":36}},"50":{"start":{"line":111,"column":16},"end":{"line":111,"column":53}},"51":{"start":{"line":112,"column":16},"end":{"line":112,"column":57}},"52":{"start":{"line":113,"column":16},"end":{"line":113,"column":66}},"53":{"start":{"line":117,"column":16},"end":{"line":117,"column":40}},"54":{"start":{"line":124,"column":8},"end":{"line":124,"column":50}},"55":{"start":{"line":127,"column":6},"end":{"line":127,"column":24}},"56":{"start":{"line":132,"column":28},"end":{"line":179,"column":9}},"57":{"start":{"line":136,"column":8},"end":{"line":178,"column":38}},"58":{"start":{"line":137,"column":10},"end":{"line":177,"column":11}},"59":{"start":{"line":138,"column":12},"end":{"line":176,"column":13}},"60":{"start":{"line":140,"column":16},"end":{"line":140,"column":42}},"61":{"start":{"line":141,"column":16},"end":{"line":141,"column":35}},"62":{"start":{"line":143,"column":16},"end":{"line":146,"column":17}},"63":{"start":{"line":144,"column":18},"end":{"line":144,"column":37}},"64":{"start":{"line":145,"column":18},"end":{"line":145,"column":24}},"65":{"start":{"line":148,"column":16},"end":{"line":148,"column":73}},"66":{"start":{"line":149,"column":16},"end":{"line":149,"column":66}},"67":{"start":{"line":152,"column":16},"end":{"line":152,"column":35}},"68":{"start":{"line":153,"column":16},"end":{"line":153,"column":35}},"69":{"start":{"line":154,"column":16},"end":{"line":154,"column":84}},"70":{"start":{"line":157,"column":16},"end":{"line":157,"column":47}},"71":{"start":{"line":159,"column":16},"end":{"line":163,"column":17}},"72":{"start":{"line":160,"column":18},"end":{"line":160,"column":85}},"73":{"start":{"line":162,"column":18},"end":{"line":162,"column":73}},"74":{"start":{"line":165,"column":16},"end":{"line":165,"column":66}},"75":{"start":{"line":168,"column":16},"end":{"line":168,"column":36}},"76":{"start":{"line":169,"column":16},"end":{"line":169,"column":53}},"77":{"start":{"line":170,"column":16},"end":{"line":170,"column":49}},"78":{"start":{"line":171,"column":16},"end":{"line":171,"column":66}},"79":{"start":{"line":175,"column":16},"end":{"line":175,"column":40}},"80":{"start":{"line":182,"column":8},"end":{"line":182,"column":54}},"81":{"start":{"line":185,"column":6},"end":{"line":185,"column":28}},"82":{"start":{"line":190,"column":24},"end":{"line":236,"column":9}},"83":{"start":{"line":194,"column":8},"end":{"line":235,"column":38}},"84":{"start":{"line":195,"column":10},"end":{"line":234,"column":11}},"85":{"start":{"line":196,"column":12},"end":{"line":233,"column":13}},"86":{"start":{"line":198,"column":16},"end":{"line":198,"column":35}},"87":{"start":{"line":200,"column":16},"end":{"line":203,"column":17}},"88":{"start":{"line":201,"column":18},"end":{"line":201,"column":37}},"89":{"start":{"line":202,"column":18},"end":{"line":202,"column":24}},"90":{"start":{"line":205,"column":16},"end":{"line":205,"column":73}},"91":{"start":{"line":206,"column":16},"end":{"line":206,"column":66}},"92":{"start":{"line":209,"column":16},"end":{"line":209,"column":35}},"93":{"start":{"line":210,"column":16},"end":{"line":210,"column":35}},"94":{"start":{"line":211,"column":16},"end":{"line":211,"column":65}},"95":{"start":{"line":214,"column":16},"end":{"line":214,"column":44}},"96":{"start":{"line":216,"column":16},"end":{"line":220,"column":17}},"97":{"start":{"line":217,"column":18},"end":{"line":217,"column":84}},"98":{"start":{"line":219,"column":18},"end":{"line":219,"column":68}},"99":{"start":{"line":222,"column":16},"end":{"line":222,"column":66}},"100":{"start":{"line":225,"column":16},"end":{"line":225,"column":36}},"101":{"start":{"line":226,"column":16},"end":{"line":226,"column":53}},"102":{"start":{"line":227,"column":16},"end":{"line":227,"column":49}},"103":{"start":{"line":228,"column":16},"end":{"line":228,"column":66}},"104":{"start":{"line":232,"column":16},"end":{"line":232,"column":40}},"105":{"start":{"line":239,"column":8},"end":{"line":239,"column":50}},"106":{"start":{"line":242,"column":6},"end":{"line":242,"column":24}},"107":{"start":{"line":247,"column":27},"end":{"line":293,"column":9}},"108":{"start":{"line":251,"column":8},"end":{"line":292,"column":38}},"109":{"start":{"line":252,"column":10},"end":{"line":291,"column":11}},"110":{"start":{"line":253,"column":12},"end":{"line":290,"column":13}},"111":{"start":{"line":255,"column":16},"end":{"line":255,"column":35}},"112":{"start":{"line":257,"column":16},"end":{"line":260,"column":17}},"113":{"start":{"line":258,"column":18},"end":{"line":258,"column":37}},"114":{"start":{"line":259,"column":18},"end":{"line":259,"column":24}},"115":{"start":{"line":262,"column":16},"end":{"line":262,"column":69}},"116":{"start":{"line":263,"column":16},"end":{"line":263,"column":66}},"117":{"start":{"line":266,"column":16},"end":{"line":266,"column":35}},"118":{"start":{"line":267,"column":16},"end":{"line":267,"column":35}},"119":{"start":{"line":268,"column":16},"end":{"line":268,"column":68}},"120":{"start":{"line":271,"column":16},"end":{"line":271,"column":49}},"121":{"start":{"line":273,"column":16},"end":{"line":277,"column":17}},"122":{"start":{"line":274,"column":18},"end":{"line":274,"column":58}},"123":{"start":{"line":276,"column":18},"end":{"line":276,"column":92}},"124":{"start":{"line":279,"column":16},"end":{"line":279,"column":66}},"125":{"start":{"line":282,"column":16},"end":{"line":282,"column":36}},"126":{"start":{"line":283,"column":16},"end":{"line":283,"column":53}},"127":{"start":{"line":284,"column":16},"end":{"line":284,"column":49}},"128":{"start":{"line":285,"column":16},"end":{"line":285,"column":66}},"129":{"start":{"line":289,"column":16},"end":{"line":289,"column":40}},"130":{"start":{"line":296,"column":8},"end":{"line":296,"column":53}},"131":{"start":{"line":299,"column":6},"end":{"line":299,"column":27}},"132":{"start":{"line":302,"column":2},"end":{"line":302,"column":27}},"133":{"start":{"line":305,"column":15},"end":{"line":305,"column":32}},"134":{"start":{"line":306,"column":0},"end":{"line":306,"column":30}}},"fnMap":{"0":{"name":"(anonymous_0)","decl":{"start":{"line":26,"column":0},"end":{"line":26,"column":1}},"loc":{"start":{"line":26,"column":12},"end":{"line":303,"column":1}},"line":26},"1":{"name":"ProductController","decl":{"start":{"line":27,"column":11},"end":{"line":27,"column":28}},"loc":{"start":{"line":27,"column":31},"end":{"line":29,"column":3}},"line":27},"2":{"name":"(anonymous_2)","decl":{"start":{"line":33,"column":11},"end":{"line":33,"column":12}},"loc":{"start":{"line":33,"column":23},"end":{"line":76,"column":5}},"line":33},"3":{"name":"_callee","decl":{"start":{"line":36,"column":44},"end":{"line":36,"column":51}},"loc":{"start":{"line":36,"column":62},"end":{"line":69,"column":7}},"line":36},"4":{"name":"_callee$","decl":{"start":{"line":38,"column":53},"end":{"line":38,"column":61}},"loc":{"start":{"line":38,"column":72},"end":{"line":68,"column":9}},"line":38},"5":{"name":"getAllProducts","decl":{"start":{"line":71,"column":15},"end":{"line":71,"column":29}},"loc":{"start":{"line":71,"column":39},"end":{"line":73,"column":7}},"line":71},"6":{"name":"(anonymous_6)","decl":{"start":{"line":79,"column":11},"end":{"line":79,"column":12}},"loc":{"start":{"line":79,"column":23},"end":{"line":128,"column":5}},"line":79},"7":{"name":"_callee2","decl":{"start":{"line":82,"column":44},"end":{"line":82,"column":52}},"loc":{"start":{"line":82,"column":63},"end":{"line":121,"column":7}},"line":82},"8":{"name":"_callee2$","decl":{"start":{"line":84,"column":53},"end":{"line":84,"column":62}},"loc":{"start":{"line":84,"column":74},"end":{"line":120,"column":9}},"line":84},"9":{"name":"addProduct","decl":{"start":{"line":123,"column":15},"end":{"line":123,"column":25}},"loc":{"start":{"line":123,"column":36},"end":{"line":125,"column":7}},"line":123},"10":{"name":"(anonymous_10)","decl":{"start":{"line":131,"column":11},"end":{"line":131,"column":12}},"loc":{"start":{"line":131,"column":23},"end":{"line":186,"column":5}},"line":131},"11":{"name":"_callee3","decl":{"start":{"line":134,"column":44},"end":{"line":134,"column":52}},"loc":{"start":{"line":134,"column":63},"end":{"line":179,"column":7}},"line":134},"12":{"name":"_callee3$","decl":{"start":{"line":136,"column":53},"end":{"line":136,"column":62}},"loc":{"start":{"line":136,"column":74},"end":{"line":178,"column":9}},"line":136},"13":{"name":"updatedProduct","decl":{"start":{"line":181,"column":15},"end":{"line":181,"column":29}},"loc":{"start":{"line":181,"column":40},"end":{"line":183,"column":7}},"line":181},"14":{"name":"(anonymous_14)","decl":{"start":{"line":189,"column":11},"end":{"line":189,"column":12}},"loc":{"start":{"line":189,"column":23},"end":{"line":243,"column":5}},"line":189},"15":{"name":"_callee4","decl":{"start":{"line":192,"column":44},"end":{"line":192,"column":52}},"loc":{"start":{"line":192,"column":63},"end":{"line":236,"column":7}},"line":192},"16":{"name":"_callee4$","decl":{"start":{"line":194,"column":53},"end":{"line":194,"column":62}},"loc":{"start":{"line":194,"column":74},"end":{"line":235,"column":9}},"line":194},"17":{"name":"getProduct","decl":{"start":{"line":238,"column":15},"end":{"line":238,"column":25}},"loc":{"start":{"line":238,"column":36},"end":{"line":240,"column":7}},"line":238},"18":{"name":"(anonymous_18)","decl":{"start":{"line":246,"column":11},"end":{"line":246,"column":12}},"loc":{"start":{"line":246,"column":23},"end":{"line":300,"column":5}},"line":246},"19":{"name":"_callee5","decl":{"start":{"line":249,"column":44},"end":{"line":249,"column":52}},"loc":{"start":{"line":249,"column":63},"end":{"line":293,"column":7}},"line":249},"20":{"name":"_callee5$","decl":{"start":{"line":251,"column":53},"end":{"line":251,"column":62}},"loc":{"start":{"line":251,"column":74},"end":{"line":292,"column":9}},"line":251},"21":{"name":"deleteProduct","decl":{"start":{"line":295,"column":15},"end":{"line":295,"column":28}},"loc":{"start":{"line":295,"column":40},"end":{"line":297,"column":7}},"line":295}},"branchMap":{"0":{"loc":{"start":{"line":40,"column":12},"end":{"line":66,"column":13}},"type":"switch","locations":[{"start":{"line":41,"column":14},"end":{"line":44,"column":67}},{"start":{"line":46,"column":14},"end":{"line":55,"column":65}},{"start":{"line":57,"column":14},"end":{"line":61,"column":65}},{"start":{"line":63,"column":14},"end":{"line":63,"column":22}},{"start":{"line":64,"column":14},"end":{"line":65,"column":39}}],"line":40},"1":{"loc":{"start":{"line":49,"column":16},"end":{"line":53,"column":17}},"type":"if","locations":[{"start":{"line":49,"column":16},"end":{"line":53,"column":17}},{"start":{"line":49,"column":16},"end":{"line":53,"column":17}}],"line":49},"2":{"loc":{"start":{"line":86,"column":12},"end":{"line":118,"column":13}},"type":"switch","locations":[{"start":{"line":87,"column":14},"end":{"line":96,"column":66}},{"start":{"line":98,"column":14},"end":{"line":102,"column":73}},{"start":{"line":104,"column":14},"end":{"line":107,"column":66}},{"start":{"line":109,"column":14},"end":{"line":113,"column":66}},{"start":{"line":115,"column":14},"end":{"line":115,"column":22}},{"start":{"line":116,"column":14},"end":{"line":117,"column":40}}],"line":86},"3":{"loc":{"start":{"line":90,"column":16},"end":{"line":93,"column":17}},"type":"if","locations":[{"start":{"line":90,"column":16},"end":{"line":93,"column":17}},{"start":{"line":90,"column":16},"end":{"line":93,"column":17}}],"line":90},"4":{"loc":{"start":{"line":90,"column":22},"end":{"line":90,"column":129}},"type":"binary-expr","locations":[{"start":{"line":90,"column":22},"end":{"line":90,"column":36}},{"start":{"line":90,"column":40},"end":{"line":90,"column":55}},{"start":{"line":90,"column":59},"end":{"line":90,"column":74}},{"start":{"line":90,"column":78},"end":{"line":90,"column":107}},{"start":{"line":90,"column":111},"end":{"line":90,"column":129}}],"line":90},"5":{"loc":{"start":{"line":138,"column":12},"end":{"line":176,"column":13}},"type":"switch","locations":[{"start":{"line":139,"column":14},"end":{"line":149,"column":66}},{"start":{"line":151,"column":14},"end":{"line":154,"column":84}},{"start":{"line":156,"column":14},"end":{"line":165,"column":66}},{"start":{"line":167,"column":14},"end":{"line":171,"column":66}},{"start":{"line":173,"column":14},"end":{"line":173,"column":22}},{"start":{"line":174,"column":14},"end":{"line":175,"column":40}}],"line":138},"6":{"loc":{"start":{"line":143,"column":16},"end":{"line":146,"column":17}},"type":"if","locations":[{"start":{"line":143,"column":16},"end":{"line":146,"column":17}},{"start":{"line":143,"column":16},"end":{"line":146,"column":17}}],"line":143},"7":{"loc":{"start":{"line":159,"column":16},"end":{"line":163,"column":17}},"type":"if","locations":[{"start":{"line":159,"column":16},"end":{"line":163,"column":17}},{"start":{"line":159,"column":16},"end":{"line":163,"column":17}}],"line":159},"8":{"loc":{"start":{"line":196,"column":12},"end":{"line":233,"column":13}},"type":"switch","locations":[{"start":{"line":197,"column":14},"end":{"line":206,"column":66}},{"start":{"line":208,"column":14},"end":{"line":211,"column":65}},{"start":{"line":213,"column":14},"end":{"line":222,"column":66}},{"start":{"line":224,"column":14},"end":{"line":228,"column":66}},{"start":{"line":230,"column":14},"end":{"line":230,"column":22}},{"start":{"line":231,"column":14},"end":{"line":232,"column":40}}],"line":196},"9":{"loc":{"start":{"line":200,"column":16},"end":{"line":203,"column":17}},"type":"if","locations":[{"start":{"line":200,"column":16},"end":{"line":203,"column":17}},{"start":{"line":200,"column":16},"end":{"line":203,"column":17}}],"line":200},"10":{"loc":{"start":{"line":216,"column":16},"end":{"line":220,"column":17}},"type":"if","locations":[{"start":{"line":216,"column":16},"end":{"line":220,"column":17}},{"start":{"line":216,"column":16},"end":{"line":220,"column":17}}],"line":216},"11":{"loc":{"start":{"line":253,"column":12},"end":{"line":290,"column":13}},"type":"switch","locations":[{"start":{"line":254,"column":14},"end":{"line":263,"column":66}},{"start":{"line":265,"column":14},"end":{"line":268,"column":68}},{"start":{"line":270,"column":14},"end":{"line":279,"column":66}},{"start":{"line":281,"column":14},"end":{"line":285,"column":66}},{"start":{"line":287,"column":14},"end":{"line":287,"column":22}},{"start":{"line":288,"column":14},"end":{"line":289,"column":40}}],"line":253},"12":{"loc":{"start":{"line":257,"column":16},"end":{"line":260,"column":17}},"type":"if","locations":[{"start":{"line":257,"column":16},"end":{"line":260,"column":17}},{"start":{"line":257,"column":16},"end":{"line":260,"column":17}}],"line":257},"13":{"loc":{"start":{"line":273,"column":16},"end":{"line":277,"column":17}},"type":"if","locations":[{"start":{"line":273,"column":16},"end":{"line":277,"column":17}},{"start":{"line":273,"column":16},"end":{"line":277,"column":17}}],"line":273}},"s":{"0":1,"1":1,"2":1,"3":1,"4":1,"5":1,"6":1,"7":1,"8":1,"9":1,"10":1,"11":0,"12":1,"13":1,"14":0,"15":0,"16":0,"17":0,"18":0,"19":0,"20":0,"21":0,"22":0,"23":0,"24":0,"25":0,"26":0,"27":0,"28":0,"29":0,"30":0,"31":1,"32":1,"33":0,"34":0,"35":0,"36":0,"37":0,"38":0,"39":0,"40":0,"41":0,"42":0,"43":0,"44":0,"45":0,"46":0,"47":0,"48":0,"49":0,"50":0,"51":0,"52":0,"53":0,"54":0,"55":1,"56":1,"57":0,"58":0,"59":0,"60":0,"61":0,"62":0,"63":0,"64":0,"65":0,"66":0,"67":0,"68":0,"69":0,"70":0,"71":0,"72":0,"73":0,"74":0,"75":0,"76":0,"77":0,"78":0,"79":0,"80":0,"81":1,"82":1,"83":0,"84":0,"85":0,"86":0,"87":0,"88":0,"89":0,"90":0,"91":0,"92":0,"93":0,"94":0,"95":0,"96":0,"97":0,"98":0,"99":0,"100":0,"101":0,"102":0,"103":0,"104":0,"105":0,"106":1,"107":1,"108":0,"109":0,"110":0,"111":0,"112":0,"113":0,"114":0,"115":0,"116":0,"117":0,"118":0,"119":0,"120":0,"121":0,"122":0,"123":0,"124":0,"125":0,"126":0,"127":0,"128":0,"129":0,"130":0,"131":1,"132":1,"133":1,"134":1},"f":{"0":1,"1":0,"2":1,"3":0,"4":0,"5":0,"6":1,"7":0,"8":0,"9":0,"10":1,"11":0,"12":0,"13":0,"14":1,"15":0,"16":0,"17":0,"18":1,"19":0,"20":0,"21":0},"b":{"0":[0,0,0,0,0],"1":[0,0],"2":[0,0,0,0,0,0],"3":[0,0],"4":[0,0,0,0,0],"5":[0,0,0,0,0,0],"6":[0,0],"7":[0,0],"8":[0,0,0,0,0,0],"9":[0,0],"10":[0,0],"11":[0,0,0,0,0,0],"12":[0,0],"13":[0,0]},"inputSourceMap":{"version":3,"sources":["ProductController.js"],"names":["util","Util","ProductController","req","res","ProductService","getAllProducts","allProducts","length","setSuccess","send","setError","console","log","body","name","price","image","is_breakfast","category","newProduct","addProduct","createdProduct","message","alteredProduct","id","params","Number","updateProduct","getProduct","theProduct","deleteProduct","ProductToDelete"],"mappings":";;;;;;;;;;;;;;;;;AAAA;;AACA;;AAEA,IAAMA,IAAI,GAAG,IAAIC,iBAAJ,EAAb;;IAEMC,iB;;;;;;;;;;;;oDACwBC,G,EAAKC,G;;;;;;;;uBAEHC,2BAAeC,cAAf,E;;;AAApBC,gBAAAA,W;;AACN,oBAAIA,WAAW,CAACC,MAAZ,GAAqB,CAAzB,EAA4B;AAC1BR,kBAAAA,IAAI,CAACS,UAAL,CAAgB,GAAhB,EAAqB,oBAArB,EAA2CF,WAA3C;AACD,iBAFD,MAEO;AACLP,kBAAAA,IAAI,CAACS,UAAL,CAAgB,GAAhB,EAAqB,kBAArB;AACD;;iDACMT,IAAI,CAACU,IAAL,CAAUN,GAAV,C;;;;;AAEPJ,gBAAAA,IAAI,CAACW,QAAL,CAAc,GAAd;iDACOX,IAAI,CAACU,IAAL,CAAUN,GAAV,C;;;;;;;;;;;;;;;;;;;;;qDAIaD,G,EAAKC,G;;;;;;AAC3BQ,gBAAAA,OAAO,CAACC,GAAR,CAAYV,GAAG,CAACW,IAAhB;;sBACI,CAACX,GAAG,CAACW,IAAJ,CAASC,IAAV,IAAkB,CAACZ,GAAG,CAACW,IAAJ,CAASE,KAA5B,IAAqC,CAACb,GAAG,CAACW,IAAJ,CAASG,KAA/C,IAAyDd,GAAG,CAACW,IAAJ,CAASI,YAAT,IAAyB,IAAlF,IAA2F,CAACf,GAAG,CAACW,IAAJ,CAASK,Q;;;;;AACvGnB,gBAAAA,IAAI,CAACW,QAAL,CAAc,GAAd,EAAmB,iCAAnB;kDACOX,IAAI,CAACU,IAAL,CAAUN,GAAV,C;;;AAEHgB,gBAAAA,U,GAAajB,GAAG,CAACW,I;;;uBAEQT,2BAAegB,UAAf,CAA0BD,UAA1B,C;;;AAAvBE,gBAAAA,c;AACNtB,gBAAAA,IAAI,CAACS,UAAL,CAAgB,GAAhB,EAAqB,gBAArB,EAAuCa,cAAvC;kDACOtB,IAAI,CAACU,IAAL,CAAUN,GAAV,C;;;;;AAEPJ,gBAAAA,IAAI,CAACW,QAAL,CAAc,GAAd,EAAmB,aAAMY,OAAzB;kDACOvB,IAAI,CAACU,IAAL,CAAUN,GAAV,C;;;;;;;;;;;;;;;;;;;;;qDAIiBD,G,EAAKC,G;;;;;;AACzBoB,gBAAAA,c,GAAiBrB,GAAG,CAACW,I;AACnBW,gBAAAA,E,GAAOtB,GAAG,CAACuB,M,CAAXD,E;;oBACHE,MAAM,CAACF,EAAD,C;;;;;AACTzB,gBAAAA,IAAI,CAACW,QAAL,CAAc,GAAd,EAAmB,oCAAnB;kDACOX,IAAI,CAACU,IAAL,CAAUN,GAAV,C;;;;;uBAGqBC,2BAAeuB,aAAf,CAA6BH,EAA7B,EAAiCD,cAAjC,C;;;AAAtBI,gBAAAA,a;;AACN,oBAAI,CAACA,aAAL,EAAoB;AAClB5B,kBAAAA,IAAI,CAACW,QAAL,CAAc,GAAd,6CAAuDc,EAAvD;AACD,iBAFD,MAEO;AACLzB,kBAAAA,IAAI,CAACS,UAAL,CAAgB,GAAhB,EAAqB,iBAArB,EAAwCmB,aAAxC;AACD;;kDACM5B,IAAI,CAACU,IAAL,CAAUN,GAAV,C;;;;;AAEPJ,gBAAAA,IAAI,CAACW,QAAL,CAAc,GAAd;kDACOX,IAAI,CAACU,IAAL,CAAUN,GAAV,C;;;;;;;;;;;;;;;;;;;;;qDAIaD,G,EAAKC,G;;;;;;AACnBqB,gBAAAA,E,GAAOtB,GAAG,CAACuB,M,CAAXD,E;;oBAEHE,MAAM,CAACF,EAAD,C;;;;;AACTzB,gBAAAA,IAAI,CAACW,QAAL,CAAc,GAAd,EAAmB,oCAAnB;kDACOX,IAAI,CAACU,IAAL,CAAUN,GAAV,C;;;;;uBAIkBC,2BAAewB,UAAf,CAA0BJ,EAA1B,C;;;AAAnBK,gBAAAA,U;;AAEN,oBAAI,CAACA,UAAL,EAAiB;AACf9B,kBAAAA,IAAI,CAACW,QAAL,CAAc,GAAd,4CAAsDc,EAAtD;AACD,iBAFD,MAEO;AACLzB,kBAAAA,IAAI,CAACS,UAAL,CAAgB,GAAhB,EAAqB,eAArB,EAAsCqB,UAAtC;AACD;;kDACM9B,IAAI,CAACU,IAAL,CAAUN,GAAV,C;;;;;AAEPJ,gBAAAA,IAAI,CAACW,QAAL,CAAc,GAAd;kDACOX,IAAI,CAACU,IAAL,CAAUN,GAAV,C;;;;;;;;;;;;;;;;;;;;;qDAIgBD,G,EAAKC,G;;;;;;AACtBqB,gBAAAA,E,GAAOtB,GAAG,CAACuB,M,CAAXD,E;;oBAEHE,MAAM,CAACF,EAAD,C;;;;;AACTzB,gBAAAA,IAAI,CAACW,QAAL,CAAc,GAAd,EAAmB,gCAAnB;kDACOX,IAAI,CAACU,IAAL,CAAUN,GAAV,C;;;;;uBAIuBC,2BAAe0B,aAAf,CAA6BN,EAA7B,C;;;AAAxBO,gBAAAA,e;;AAEN,oBAAIA,eAAJ,EAAqB;AACnBhC,kBAAAA,IAAI,CAACS,UAAL,CAAgB,GAAhB,EAAqB,iBAArB;AACD,iBAFD,MAEO;AACLT,kBAAAA,IAAI,CAACW,QAAL,CAAc,GAAd,gCAA0Cc,EAA1C;AACD;;kDACMzB,IAAI,CAACU,IAAL,CAAUN,GAAV,C;;;;;AAEPJ,gBAAAA,IAAI,CAACW,QAAL,CAAc,GAAd;kDACOX,IAAI,CAACU,IAAL,CAAUN,GAAV,C;;;;;;;;;;;;;;;;;;;;eAKEF,iB","sourceRoot":"/app/api/server/controllers","sourcesContent":["import ProductService from '../services/ProductService'\nimport Util from '../utils/Utils'\n\nconst util = new Util()\n\nclass ProductController {\n  static async getAllProducts(req, res) {\n    try {\n      const allProducts = await ProductService.getAllProducts()\n      if (allProducts.length > 0) {\n        util.setSuccess(200, 'Products retrieved', allProducts)\n      } else {\n        util.setSuccess(200, 'No Product found')\n      }\n      return util.send(res)\n    } catch (error) {\n      util.setError(400, error)\n      return util.send(res)\n    }\n  }\n\n  static async addProduct(req, res) {\n    console.log(req.body);\n    if (!req.body.name || !req.body.price || !req.body.image || (req.body.is_breakfast == null) || !req.body.category) {\n      util.setError(400, 'Please provide complete details')\n      return util.send(res)\n    }\n    const newProduct = req.body\n    try {\n      const createdProduct = await ProductService.addProduct(newProduct)\n      util.setSuccess(201, 'Product Added!', createdProduct)\n      return util.send(res)\n    } catch (error) {\n      util.setError(400, error.message)\n      return util.send(res)\n    }\n  }\n\n  static async updatedProduct(req, res) {\n    const alteredProduct = req.body\n    const { id } = req.params\n    if (!Number(id)) {\n      util.setError(400, 'Please input a valid numeric value')\n      return util.send(res)\n    }\n    try {\n      const updateProduct = await ProductService.updateProduct(id, alteredProduct)\n      if (!updateProduct) {\n        util.setError(404, `Cannot find Product with the id: ${id}`)\n      } else {\n        util.setSuccess(200, 'Product updated', updateProduct)\n      }\n      return util.send(res)\n    } catch (error) {\n      util.setError(404, error)\n      return util.send(res)\n    }\n  }\n\n  static async getProduct(req, res) {\n    const { id } = req.params\n\n    if (!Number(id)) {\n      util.setError(400, 'Please input a valid numeric value')\n      return util.send(res)\n    }\n\n    try {\n      const theProduct = await ProductService.getProduct(id)\n\n      if (!theProduct) {\n        util.setError(404, `Cannot find Product with the id ${id}`)\n      } else {\n        util.setSuccess(200, 'Found Product', theProduct)\n      }\n      return util.send(res)\n    } catch (error) {\n      util.setError(404, error)\n      return util.send(res)\n    }\n  }\n\n  static async deleteProduct(req, res) {\n    const { id } = req.params\n\n    if (!Number(id)) {\n      util.setError(400, 'Please provide a numeric value')\n      return util.send(res)\n    }\n\n    try {\n      const ProductToDelete = await ProductService.deleteProduct(id)\n\n      if (ProductToDelete) {\n        util.setSuccess(200, 'Product deleted')\n      } else {\n        util.setError(404, `Product with the id ${id} cannot be found`)\n      }\n      return util.send(res)\n    } catch (error) {\n      util.setError(400, error)\n      return util.send(res)\n    }\n  }\n}\n\nexport default ProductController"]},"_coverageSchema":"1a1c01bbd47fc00a2c39e90264f33305004495a9","hash":"9ec3b6fafc1a68db87898b0596ef9213bd3d828b","contentHash":"c34b0eebb57eeff0bd36f03657617d4e786ed5615b53b665dadee8fcef095a19"},"/app/api/server/services/ProductService.js":{"path":"/app/api/server/services/ProductService.js","statementMap":{"0":{"start":{"line":3,"column":29},"end":{"line":3,"column":84}},"1":{"start":{"line":5,"column":0},"end":{"line":7,"column":3}},"2":{"start":{"line":8,"column":0},"end":{"line":8,"column":28}},"3":{"start":{"line":10,"column":19},"end":{"line":10,"column":80}},"4":{"start":{"line":12,"column":25},"end":{"line":12,"column":99}},"5":{"start":{"line":14,"column":23},"end":{"line":14,"column":95}},"6":{"start":{"line":16,"column":20},"end":{"line":16,"column":89}},"7":{"start":{"line":18,"column":14},"end":{"line":18,"column":62}},"8":{"start":{"line":22,"column":0},"end":{"line":262,"column":3}},"9":{"start":{"line":24,"column":4},"end":{"line":24,"column":59}},"10":{"start":{"line":27,"column":2},"end":{"line":260,"column":6}},"11":{"start":{"line":30,"column":28},"end":{"line":55,"column":9}},"12":{"start":{"line":33,"column":8},"end":{"line":54,"column":36}},"13":{"start":{"line":34,"column":10},"end":{"line":53,"column":11}},"14":{"start":{"line":35,"column":12},"end":{"line":52,"column":13}},"15":{"start":{"line":37,"column":16},"end":{"line":37,"column":34}},"16":{"start":{"line":38,"column":16},"end":{"line":38,"column":34}},"17":{"start":{"line":39,"column":16},"end":{"line":39,"column":60}},"18":{"start":{"line":42,"column":16},"end":{"line":42,"column":64}},"19":{"start":{"line":45,"column":16},"end":{"line":45,"column":34}},"20":{"start":{"line":46,"column":16},"end":{"line":46,"column":51}},"21":{"start":{"line":47,"column":16},"end":{"line":47,"column":34}},"22":{"start":{"line":51,"column":16},"end":{"line":51,"column":39}},"23":{"start":{"line":58,"column":8},"end":{"line":58,"column":54}},"24":{"start":{"line":61,"column":6},"end":{"line":61,"column":28}},"25":{"start":{"line":66,"column":24},"end":{"line":91,"column":9}},"26":{"start":{"line":69,"column":8},"end":{"line":90,"column":37}},"27":{"start":{"line":70,"column":10},"end":{"line":89,"column":11}},"28":{"start":{"line":71,"column":12},"end":{"line":88,"column":13}},"29":{"start":{"line":73,"column":16},"end":{"line":73,"column":35}},"30":{"start":{"line":74,"column":16},"end":{"line":74,"column":35}},"31":{"start":{"line":75,"column":16},"end":{"line":75,"column":69}},"32":{"start":{"line":78,"column":16},"end":{"line":78,"column":66}},"33":{"start":{"line":81,"column":16},"end":{"line":81,"column":35}},"34":{"start":{"line":82,"column":16},"end":{"line":82,"column":53}},"35":{"start":{"line":83,"column":16},"end":{"line":83,"column":35}},"36":{"start":{"line":87,"column":16},"end":{"line":87,"column":40}},"37":{"start":{"line":94,"column":8},"end":{"line":94,"column":50}},"38":{"start":{"line":97,"column":6},"end":{"line":97,"column":24}},"39":{"start":{"line":102,"column":28},"end":{"line":150,"column":9}},"40":{"start":{"line":106,"column":8},"end":{"line":149,"column":38}},"41":{"start":{"line":107,"column":10},"end":{"line":148,"column":11}},"42":{"start":{"line":108,"column":12},"end":{"line":147,"column":13}},"43":{"start":{"line":110,"column":16},"end":{"line":110,"column":35}},"44":{"start":{"line":111,"column":16},"end":{"line":111,"column":35}},"45":{"start":{"line":112,"column":16},"end":{"line":116,"column":19}},"46":{"start":{"line":119,"column":16},"end":{"line":119,"column":49}},"47":{"start":{"line":121,"column":16},"end":{"line":124,"column":17}},"48":{"start":{"line":122,"column":18},"end":{"line":122,"column":37}},"49":{"start":{"line":123,"column":18},"end":{"line":123,"column":24}},"50":{"start":{"line":126,"column":16},"end":{"line":126,"column":35}},"51":{"start":{"line":127,"column":16},"end":{"line":131,"column":19}},"52":{"start":{"line":134,"column":16},"end":{"line":134,"column":66}},"53":{"start":{"line":137,"column":16},"end":{"line":137,"column":56}},"54":{"start":{"line":140,"column":16},"end":{"line":140,"column":36}},"55":{"start":{"line":141,"column":16},"end":{"line":141,"column":53}},"56":{"start":{"line":142,"column":16},"end":{"line":142,"column":35}},"57":{"start":{"line":146,"column":16},"end":{"line":146,"column":40}},"58":{"start":{"line":153,"column":8},"end":{"line":153,"column":54}},"59":{"start":{"line":156,"column":6},"end":{"line":156,"column":27}},"60":{"start":{"line":161,"column":24},"end":{"line":192,"column":9}},"61":{"start":{"line":165,"column":8},"end":{"line":191,"column":37}},"62":{"start":{"line":166,"column":10},"end":{"line":190,"column":11}},"63":{"start":{"line":167,"column":12},"end":{"line":189,"column":13}},"64":{"start":{"line":169,"column":16},"end":{"line":169,"column":35}},"65":{"start":{"line":170,"column":16},"end":{"line":170,"column":35}},"66":{"start":{"line":171,"column":16},"end":{"line":175,"column":19}},"67":{"start":{"line":178,"column":16},"end":{"line":178,"column":44}},"68":{"start":{"line":179,"column":16},"end":{"line":179,"column":62}},"69":{"start":{"line":182,"column":16},"end":{"line":182,"column":35}},"70":{"start":{"line":183,"column":16},"end":{"line":183,"column":53}},"71":{"start":{"line":184,"column":16},"end":{"line":184,"column":35}},"72":{"start":{"line":188,"column":16},"end":{"line":188,"column":40}},"73":{"start":{"line":195,"column":8},"end":{"line":195,"column":50}},"74":{"start":{"line":198,"column":6},"end":{"line":198,"column":24}},"75":{"start":{"line":203,"column":27},"end":{"line":252,"column":9}},"76":{"start":{"line":207,"column":8},"end":{"line":251,"column":38}},"77":{"start":{"line":208,"column":10},"end":{"line":250,"column":11}},"78":{"start":{"line":209,"column":12},"end":{"line":249,"column":13}},"79":{"start":{"line":211,"column":16},"end":{"line":211,"column":35}},"80":{"start":{"line":212,"column":16},"end":{"line":212,"column":35}},"81":{"start":{"line":213,"column":16},"end":{"line":217,"column":19}},"82":{"start":{"line":220,"column":16},"end":{"line":220,"column":49}},"83":{"start":{"line":222,"column":16},"end":{"line":225,"column":17}},"84":{"start":{"line":223,"column":18},"end":{"line":223,"column":37}},"85":{"start":{"line":224,"column":18},"end":{"line":224,"column":24}},"86":{"start":{"line":227,"column":16},"end":{"line":227,"column":35}},"87":{"start":{"line":228,"column":16},"end":{"line":232,"column":19}},"88":{"start":{"line":235,"column":16},"end":{"line":235,"column":48}},"89":{"start":{"line":236,"column":16},"end":{"line":236,"column":66}},"90":{"start":{"line":239,"column":16},"end":{"line":239,"column":56}},"91":{"start":{"line":242,"column":16},"end":{"line":242,"column":36}},"92":{"start":{"line":243,"column":16},"end":{"line":243,"column":53}},"93":{"start":{"line":244,"column":16},"end":{"line":244,"column":35}},"94":{"start":{"line":248,"column":16},"end":{"line":248,"column":40}},"95":{"start":{"line":255,"column":8},"end":{"line":255,"column":53}},"96":{"start":{"line":258,"column":6},"end":{"line":258,"column":27}},"97":{"start":{"line":261,"column":2},"end":{"line":261,"column":24}},"98":{"start":{"line":264,"column":15},"end":{"line":264,"column":29}},"99":{"start":{"line":265,"column":0},"end":{"line":265,"column":30}}},"fnMap":{"0":{"name":"(anonymous_0)","decl":{"start":{"line":22,"column":0},"end":{"line":22,"column":1}},"loc":{"start":{"line":22,"column":12},"end":{"line":262,"column":1}},"line":22},"1":{"name":"ProductService","decl":{"start":{"line":23,"column":11},"end":{"line":23,"column":25}},"loc":{"start":{"line":23,"column":28},"end":{"line":25,"column":3}},"line":23},"2":{"name":"(anonymous_2)","decl":{"start":{"line":29,"column":11},"end":{"line":29,"column":12}},"loc":{"start":{"line":29,"column":23},"end":{"line":62,"column":5}},"line":29},"3":{"name":"_callee","decl":{"start":{"line":32,"column":44},"end":{"line":32,"column":51}},"loc":{"start":{"line":32,"column":54},"end":{"line":55,"column":7}},"line":32},"4":{"name":"_callee$","decl":{"start":{"line":33,"column":53},"end":{"line":33,"column":61}},"loc":{"start":{"line":33,"column":72},"end":{"line":54,"column":9}},"line":33},"5":{"name":"getAllProducts","decl":{"start":{"line":57,"column":15},"end":{"line":57,"column":29}},"loc":{"start":{"line":57,"column":32},"end":{"line":59,"column":7}},"line":57},"6":{"name":"(anonymous_6)","decl":{"start":{"line":65,"column":11},"end":{"line":65,"column":12}},"loc":{"start":{"line":65,"column":23},"end":{"line":98,"column":5}},"line":65},"7":{"name":"_callee2","decl":{"start":{"line":68,"column":44},"end":{"line":68,"column":52}},"loc":{"start":{"line":68,"column":65},"end":{"line":91,"column":7}},"line":68},"8":{"name":"_callee2$","decl":{"start":{"line":69,"column":53},"end":{"line":69,"column":62}},"loc":{"start":{"line":69,"column":74},"end":{"line":90,"column":9}},"line":69},"9":{"name":"addProduct","decl":{"start":{"line":93,"column":15},"end":{"line":93,"column":25}},"loc":{"start":{"line":93,"column":30},"end":{"line":95,"column":7}},"line":93},"10":{"name":"(anonymous_10)","decl":{"start":{"line":101,"column":11},"end":{"line":101,"column":12}},"loc":{"start":{"line":101,"column":23},"end":{"line":157,"column":5}},"line":101},"11":{"name":"_callee3","decl":{"start":{"line":104,"column":44},"end":{"line":104,"column":52}},"loc":{"start":{"line":104,"column":73},"end":{"line":150,"column":7}},"line":104},"12":{"name":"_callee3$","decl":{"start":{"line":106,"column":53},"end":{"line":106,"column":62}},"loc":{"start":{"line":106,"column":74},"end":{"line":149,"column":9}},"line":106},"13":{"name":"updateProduct","decl":{"start":{"line":152,"column":15},"end":{"line":152,"column":28}},"loc":{"start":{"line":152,"column":39},"end":{"line":154,"column":7}},"line":152},"14":{"name":"(anonymous_14)","decl":{"start":{"line":160,"column":11},"end":{"line":160,"column":12}},"loc":{"start":{"line":160,"column":23},"end":{"line":199,"column":5}},"line":160},"15":{"name":"_callee4","decl":{"start":{"line":163,"column":44},"end":{"line":163,"column":52}},"loc":{"start":{"line":163,"column":57},"end":{"line":192,"column":7}},"line":163},"16":{"name":"_callee4$","decl":{"start":{"line":165,"column":53},"end":{"line":165,"column":62}},"loc":{"start":{"line":165,"column":74},"end":{"line":191,"column":9}},"line":165},"17":{"name":"getProduct","decl":{"start":{"line":194,"column":15},"end":{"line":194,"column":25}},"loc":{"start":{"line":194,"column":31},"end":{"line":196,"column":7}},"line":194},"18":{"name":"(anonymous_18)","decl":{"start":{"line":202,"column":11},"end":{"line":202,"column":12}},"loc":{"start":{"line":202,"column":23},"end":{"line":259,"column":5}},"line":202},"19":{"name":"_callee5","decl":{"start":{"line":205,"column":44},"end":{"line":205,"column":52}},"loc":{"start":{"line":205,"column":57},"end":{"line":252,"column":7}},"line":205},"20":{"name":"_callee5$","decl":{"start":{"line":207,"column":53},"end":{"line":207,"column":62}},"loc":{"start":{"line":207,"column":74},"end":{"line":251,"column":9}},"line":207},"21":{"name":"deleteProduct","decl":{"start":{"line":254,"column":15},"end":{"line":254,"column":28}},"loc":{"start":{"line":254,"column":34},"end":{"line":256,"column":7}},"line":254}},"branchMap":{"0":{"loc":{"start":{"line":35,"column":12},"end":{"line":52,"column":13}},"type":"switch","locations":[{"start":{"line":36,"column":14},"end":{"line":39,"column":60}},{"start":{"line":41,"column":14},"end":{"line":42,"column":64}},{"start":{"line":44,"column":14},"end":{"line":47,"column":34}},{"start":{"line":49,"column":14},"end":{"line":49,"column":21}},{"start":{"line":50,"column":14},"end":{"line":51,"column":39}}],"line":35},"1":{"loc":{"start":{"line":71,"column":12},"end":{"line":88,"column":13}},"type":"switch","locations":[{"start":{"line":72,"column":14},"end":{"line":75,"column":69}},{"start":{"line":77,"column":14},"end":{"line":78,"column":66}},{"start":{"line":80,"column":14},"end":{"line":83,"column":35}},{"start":{"line":85,"column":14},"end":{"line":85,"column":21}},{"start":{"line":86,"column":14},"end":{"line":87,"column":40}}],"line":71},"2":{"loc":{"start":{"line":108,"column":12},"end":{"line":147,"column":13}},"type":"switch","locations":[{"start":{"line":109,"column":14},"end":{"line":116,"column":19}},{"start":{"line":118,"column":14},"end":{"line":131,"column":19}},{"start":{"line":133,"column":14},"end":{"line":134,"column":66}},{"start":{"line":136,"column":14},"end":{"line":137,"column":56}},{"start":{"line":139,"column":14},"end":{"line":142,"column":35}},{"start":{"line":144,"column":14},"end":{"line":144,"column":22}},{"start":{"line":145,"column":14},"end":{"line":146,"column":40}}],"line":108},"3":{"loc":{"start":{"line":121,"column":16},"end":{"line":124,"column":17}},"type":"if","locations":[{"start":{"line":121,"column":16},"end":{"line":124,"column":17}},{"start":{"line":121,"column":16},"end":{"line":124,"column":17}}],"line":121},"4":{"loc":{"start":{"line":167,"column":12},"end":{"line":189,"column":13}},"type":"switch","locations":[{"start":{"line":168,"column":14},"end":{"line":175,"column":19}},{"start":{"line":177,"column":14},"end":{"line":179,"column":62}},{"start":{"line":181,"column":14},"end":{"line":184,"column":35}},{"start":{"line":186,"column":14},"end":{"line":186,"column":22}},{"start":{"line":187,"column":14},"end":{"line":188,"column":40}}],"line":167},"5":{"loc":{"start":{"line":209,"column":12},"end":{"line":249,"column":13}},"type":"switch","locations":[{"start":{"line":210,"column":14},"end":{"line":217,"column":19}},{"start":{"line":219,"column":14},"end":{"line":232,"column":19}},{"start":{"line":234,"column":14},"end":{"line":236,"column":66}},{"start":{"line":238,"column":14},"end":{"line":239,"column":56}},{"start":{"line":241,"column":14},"end":{"line":244,"column":35}},{"start":{"line":246,"column":14},"end":{"line":246,"column":22}},{"start":{"line":247,"column":14},"end":{"line":248,"column":40}}],"line":209},"6":{"loc":{"start":{"line":222,"column":16},"end":{"line":225,"column":17}},"type":"if","locations":[{"start":{"line":222,"column":16},"end":{"line":225,"column":17}},{"start":{"line":222,"column":16},"end":{"line":225,"column":17}}],"line":222}},"s":{"0":1,"1":1,"2":1,"3":1,"4":1,"5":1,"6":1,"7":1,"8":1,"9":0,"10":1,"11":1,"12":0,"13":0,"14":0,"15":0,"16":0,"17":0,"18":0,"19":0,"20":0,"21":0,"22":0,"23":0,"24":1,"25":1,"26":0,"27":0,"28":0,"29":0,"30":0,"31":0,"32":0,"33":0,"34":0,"35":0,"36":0,"37":0,"38":1,"39":1,"40":0,"41":0,"42":0,"43":0,"44":0,"45":0,"46":0,"47":0,"48":0,"49":0,"50":0,"51":0,"52":0,"53":0,"54":0,"55":0,"56":0,"57":0,"58":0,"59":1,"60":1,"61":0,"62":0,"63":0,"64":0,"65":0,"66":0,"67":0,"68":0,"69":0,"70":0,"71":0,"72":0,"73":0,"74":1,"75":1,"76":0,"77":0,"78":0,"79":0,"80":0,"81":0,"82":0,"83":0,"84":0,"85":0,"86":0,"87":0,"88":0,"89":0,"90":0,"91":0,"92":0,"93":0,"94":0,"95":0,"96":1,"97":1,"98":1,"99":1},"f":{"0":1,"1":0,"2":1,"3":0,"4":0,"5":0,"6":1,"7":0,"8":0,"9":0,"10":1,"11":0,"12":0,"13":0,"14":1,"15":0,"16":0,"17":0,"18":1,"19":0,"20":0,"21":0},"b":{"0":[0,0,0,0,0],"1":[0,0,0,0,0],"2":[0,0,0,0,0,0,0],"3":[0,0],"4":[0,0,0,0,0],"5":[0,0,0,0,0,0,0],"6":[0,0]},"inputSourceMap":{"version":3,"sources":["ProductService.js"],"names":["ProductService","database","Product","findAll","newProduct","create","id","updateProduct","findOne","where","Number","ProductToUpdate","update","theProduct","ProductToDelete","destroy","deletedProduct"],"mappings":";;;;;;;;;;;;;;;;;AAAA;;IAEMA,c;;;;;;;;;;;;;;;;;;;uBAGaC,mBAASC,OAAT,CAAiBC,OAAjB,E;;;;;;;;;;;;;;;;;;;;;;;;;;;;;qDAMOC,U;;;;;;;uBAEPH,mBAASC,OAAT,CAAiBG,MAAjB,CAAwBD,UAAxB,C;;;;;;;;;;;;;;;;;;;;;;;;;;;;;qDAMUE,E,EAAIC,c;;;;;;;;uBAEGN,mBAASC,OAAT,CAAiBM,OAAjB,CAAyB;AACrDC,kBAAAA,KAAK,EAAE;AAAEH,oBAAAA,EAAE,EAAEI,MAAM,CAACJ,EAAD;AAAZ;AAD8C,iBAAzB,C;;;AAAxBK,gBAAAA,e;;qBAIFA,e;;;;;;uBACIV,mBAASC,OAAT,CAAiBU,MAAjB,CAAwBL,cAAxB,EAAuC;AAAEE,kBAAAA,KAAK,EAAE;AAAEH,oBAAAA,EAAE,EAAEI,MAAM,CAACJ,EAAD;AAAZ;AAAT,iBAAvC,C;;;kDAECC,c;;;kDAEF,I;;;;;;;;;;;;;;;;;;;;;;;;;;qDAMaD,E;;;;;;;;uBAEKL,mBAASC,OAAT,CAAiBM,OAAjB,CAAyB;AAChDC,kBAAAA,KAAK,EAAE;AAAEH,oBAAAA,EAAE,EAAEI,MAAM,CAACJ,EAAD;AAAZ;AADyC,iBAAzB,C;;;AAAnBO,gBAAAA,U;kDAICA,U;;;;;;;;;;;;;;;;;;;;;;;;;;qDAMgBP,E;;;;;;;;uBAEOL,mBAASC,OAAT,CAAiBM,OAAjB,CAAyB;AAAEC,kBAAAA,KAAK,EAAE;AAAEH,oBAAAA,EAAE,EAAEI,MAAM,CAACJ,EAAD;AAAZ;AAAT,iBAAzB,C;;;AAAxBQ,gBAAAA,e;;qBAEFA,e;;;;;;uBAC2Bb,mBAASC,OAAT,CAAiBa,OAAjB,CAAyB;AACpDN,kBAAAA,KAAK,EAAE;AAAEH,oBAAAA,EAAE,EAAEI,MAAM,CAACJ,EAAD;AAAZ;AAD6C,iBAAzB,C;;;AAAvBU,gBAAAA,c;kDAGCA,c;;;kDAEF,I;;;;;;;;;;;;;;;;;;;;;;;;;eAOEhB,c","sourceRoot":"/app/api/server/services","sourcesContent":["import database from '../src/models'\n\nclass ProductService {\n  static async getAllProducts() {\n    try {\n      return await database.Product.findAll()\n    } catch (error) {\n      throw error\n    }\n  }\n\n  static async addProduct(newProduct) {\n    try {\n      return await database.Product.create(newProduct)\n    } catch (error) {\n      throw error\n    }\n  }\n\n  static async updateProduct(id, updateProduct) {\n    try {\n      const ProductToUpdate = await database.Product.findOne({\n        where: { id: Number(id) }\n      })\n\n      if (ProductToUpdate) {\n        await database.Product.update(updateProduct, { where: { id: Number(id) } })\n\n        return updateProduct\n      }\n      return null\n    } catch (error) {\n      throw error\n    }\n  }\n\n  static async getProduct(id) {\n    try {\n      const theProduct = await database.Product.findOne({\n        where: { id: Number(id) }\n      })\n\n      return theProduct\n    } catch (error) {\n      throw error\n    }\n  }\n\n  static async deleteProduct(id) {\n    try {\n      const ProductToDelete = await database.Product.findOne({ where: { id: Number(id) } })\n\n      if (ProductToDelete) {\n        const deletedProduct = await database.Product.destroy({\n          where: { id: Number(id) }\n        })\n        return deletedProduct\n      }\n      return null\n    } catch (error) {\n      throw error\n    }\n  }\n}\n\nexport default ProductService"]},"_coverageSchema":"1a1c01bbd47fc00a2c39e90264f33305004495a9","hash":"74d831ac1b15fd96e7ef719b5143c9965ade0857","contentHash":"d7675c8f46b19cabe9d26d498fd027b50c53344ca3b2a49ddf0ded8a69a1b04a"},"/app/api/server/src/models/index.js":{"path":"/app/api/server/src/models/index.js","statementMap":{"0":{"start":{"line":3,"column":29},"end":{"line":3,"column":84}},"1":{"start":{"line":5,"column":0},"end":{"line":7,"column":3}},"2":{"start":{"line":8,"column":0},"end":{"line":8,"column":28}},"3":{"start":{"line":10,"column":10},"end":{"line":10,"column":47}},"4":{"start":{"line":12,"column":12},"end":{"line":12,"column":51}},"5":{"start":{"line":14,"column":17},"end":{"line":14,"column":61}},"6":{"start":{"line":16,"column":14},"end":{"line":16,"column":65}},"7":{"start":{"line":18,"column":15},"end":{"line":18,"column":52}},"8":{"start":{"line":20,"column":10},"end":{"line":20,"column":69}},"9":{"start":{"line":21,"column":13},"end":{"line":21,"column":36}},"10":{"start":{"line":22,"column":0},"end":{"line":22,"column":46}},"11":{"start":{"line":23,"column":9},"end":{"line":23,"column":11}},"12":{"start":{"line":26,"column":0},"end":{"line":40,"column":1}},"13":{"start":{"line":27,"column":2},"end":{"line":27,"column":86}},"14":{"start":{"line":28,"column":2},"end":{"line":37,"column":5}},"15":{"start":{"line":39,"column":2},"end":{"line":39,"column":99}},"16":{"start":{"line":42,"column":0},"end":{"line":47,"column":3}},"17":{"start":{"line":43,"column":2},"end":{"line":43,"column":82}},"18":{"start":{"line":45,"column":14},"end":{"line":45,"column":73}},"19":{"start":{"line":46,"column":2},"end":{"line":46,"column":25}},"20":{"start":{"line":49,"column":0},"end":{"line":53,"column":3}},"21":{"start":{"line":50,"column":2},"end":{"line":52,"column":3}},"22":{"start":{"line":51,"column":4},"end":{"line":51,"column":32}},"23":{"start":{"line":54,"column":0},"end":{"line":54,"column":25}},"24":{"start":{"line":55,"column":0},"end":{"line":55,"column":37}},"25":{"start":{"line":56,"column":15},"end":{"line":56,"column":17}},"26":{"start":{"line":57,"column":0},"end":{"line":57,"column":30}}},"fnMap":{"0":{"name":"(anonymous_0)","decl":{"start":{"line":42,"column":45},"end":{"line":42,"column":46}},"loc":{"start":{"line":42,"column":61},"end":{"line":44,"column":1}},"line":42},"1":{"name":"(anonymous_1)","decl":{"start":{"line":44,"column":11},"end":{"line":44,"column":12}},"loc":{"start":{"line":44,"column":27},"end":{"line":47,"column":1}},"line":44},"2":{"name":"(anonymous_2)","decl":{"start":{"line":49,"column":24},"end":{"line":49,"column":25}},"loc":{"start":{"line":49,"column":45},"end":{"line":53,"column":1}},"line":49}},"branchMap":{"0":{"loc":{"start":{"line":20,"column":10},"end":{"line":20,"column":69}},"type":"cond-expr","locations":[{"start":{"line":20,"column":33},"end":{"line":20,"column":53}},{"start":{"line":20,"column":56},"end":{"line":20,"column":69}}],"line":20},"1":{"loc":{"start":{"line":26,"column":0},"end":{"line":40,"column":1}},"type":"if","locations":[{"start":{"line":26,"column":0},"end":{"line":40,"column":1}},{"start":{"line":26,"column":0},"end":{"line":40,"column":1}}],"line":26},"2":{"loc":{"start":{"line":43,"column":9},"end":{"line":43,"column":81}},"type":"binary-expr","locations":[{"start":{"line":43,"column":9},"end":{"line":43,"column":32}},{"start":{"line":43,"column":36},"end":{"line":43,"column":53}},{"start":{"line":43,"column":57},"end":{"line":43,"column":81}}],"line":43},"3":{"loc":{"start":{"line":50,"column":2},"end":{"line":52,"column":3}},"type":"if","locations":[{"start":{"line":50,"column":2},"end":{"line":52,"column":3}},{"start":{"line":50,"column":2},"end":{"line":52,"column":3}}],"line":50}},"s":{"0":1,"1":1,"2":1,"3":1,"4":1,"5":1,"6":1,"7":1,"8":1,"9":1,"10":1,"11":1,"12":1,"13":0,"14":0,"15":1,"16":1,"17":5,"18":4,"19":4,"20":1,"21":4,"22":4,"23":1,"24":1,"25":1,"26":1},"f":{"0":5,"1":4,"2":4},"b":{"0":[1,0],"1":[0,1],"2":[5,5,4],"3":[4,0]},"inputSourceMap":{"version":3,"sources":["index.js"],"names":["basename","path","__filename","env","process","NODE_ENV","config","configJson","console","log","db","sequelize","environment","Sequelize","use_env_variable","DB_NAME","DB_USER","DB_PASS","host","DB_HOST","port","DB_PORT","dialect","dialectOption","ssl","logging","database","username","password","fs","readdirSync","__dirname","filter","file","indexOf","slice","forEach","model","join","name","Object","keys","modelName","associate"],"mappings":";;;;;;;;;AAAA;;AACA;;AACA;;AACA;;AAEA,IAAMA,QAAQ,GAAGC,iBAAKD,QAAL,CAAcE,UAAd,CAAjB;;AACA,IAAMC,GAAG,GAAGC,OAAO,CAACD,GAAR,CAAYE,QAAZ,GAAuBD,OAAO,CAACD,GAAR,CAAYE,QAAnC,GAA8C,aAA1D;AAEA,IAAMC,MAAM,GAAGC,mBAAWJ,GAAX,CAAf;AAEAK,OAAO,CAACC,GAAR,CAAY,2BAAZ,EAAyCN,GAAzC;AAEA,IAAMO,EAAE,GAAG,EAAX;AAEA,IAAIC,SAAJ;;AACA,IAAIL,MAAM,CAACM,WAAP,KAAuB,YAA3B,EAAyC;AACvCD,EAAAA,SAAS,GAAG,IAAIE,qBAAJ,CACRT,OAAO,CAACD,GAAR,CAAYG,MAAM,CAACQ,gBAAnB,CADQ,EAC8BR,MAD9B,CAAZ;AAGAK,EAAAA,SAAS,GAAG,IAAIE,qBAAJ,CACVT,OAAO,CAACD,GAAR,CAAYY,OADF,EAEVX,OAAO,CAACD,GAAR,CAAYa,OAFF,EAGVZ,OAAO,CAACD,GAAR,CAAYc,OAHF,EAGW;AACnBC,IAAAA,IAAI,EAAEd,OAAO,CAACD,GAAR,CAAYgB,OADC;AAEnBC,IAAAA,IAAI,EAAEhB,OAAO,CAACD,GAAR,CAAYkB,OAFC;AAGnBC,IAAAA,OAAO,EAAE,UAHU;AAInBC,IAAAA,aAAa,EAAE;AACbC,MAAAA,GAAG,EAAE,IADQ;AAEb,gBAAQ;AAFK,KAJI;AAQnBC,IAAAA,OAAO,EAAE;AARU,GAHX,CAAZ;AAcD,CAlBD,MAkBO;AACLd,EAAAA,SAAS,GAAG,IAAIE,qBAAJ,CACTP,MAAM,CAACoB,QADE,EACQpB,MAAM,CAACqB,QADf,EACyBrB,MAAM,CAACsB,QADhC,EAC0CtB,MAD1C,CAAZ;AAGD;;AAEDuB,eACGC,WADH,CACeC,SADf,EAEGC,MAFH,CAEU,UAACC,IAAD,EAAU;AAChB,SAAQA,IAAI,CAACC,OAAL,CAAa,GAAb,MAAsB,CAAvB,IACCD,IAAI,KAAKjC,QADV,IACwBiC,IAAI,CAACE,KAAL,CAAW,CAAC,CAAZ,MAAmB,KADlD;AAED,CALH,EAMGC,OANH,CAMW,UAACH,IAAD,EAAU;AACjB,MAAMI,KAAK,GAAG1B,SAAS,UAAT,CAAiBV,iBAAKqC,IAAL,CAAUP,SAAV,EAAqBE,IAArB,CAAjB,CAAd;AACAvB,EAAAA,EAAE,CAAC2B,KAAK,CAACE,IAAP,CAAF,GAAiBF,KAAjB;AACD,CATH;;AAWAG,MAAM,CAACC,IAAP,CAAY/B,EAAZ,EAAgB0B,OAAhB,CAAwB,UAACM,SAAD,EAAe;AACrC,MAAIhC,EAAE,CAACgC,SAAD,CAAF,CAAcC,SAAlB,EAA6B;AAC3BjC,IAAAA,EAAE,CAACgC,SAAD,CAAF,CAAcC,SAAd,CAAwBjC,EAAxB;AACD;AACF,CAJD;AAMAA,EAAE,CAACC,SAAH,GAAeA,SAAf;AACAD,EAAE,CAACG,SAAH,GAAeA,qBAAf;eAEeH,E","sourceRoot":"/app/api/server/src/models","sourcesContent":["import fs from 'fs'\nimport path from 'path'\nimport Sequelize from 'sequelize'\nimport configJson from '../config/config'\n\nconst basename = path.basename(__filename)\nconst env = process.env.NODE_ENV ? process.env.NODE_ENV : 'development'\n\nconst config = configJson[env]\n\nconsole.log('this is the environment: ', env)\n\nconst db = {}\n\nlet sequelize\nif (config.environment === 'production') {\n  sequelize = new Sequelize(\n      process.env[config.use_env_variable], config\n    )\n  sequelize = new Sequelize(\n    process.env.DB_NAME,\n    process.env.DB_USER,\n    process.env.DB_PASS, {\n      host: process.env.DB_HOST,\n      port: process.env.DB_PORT,\n      dialect: 'postgres',\n      dialectOption: {\n        ssl: true,\n        native: true\n      },\n      logging: true\n    }\n  )\n} else {\n  sequelize = new Sequelize(\n     config.database, config.username, config.password, config\n  )\n}\n\nfs\n  .readdirSync(__dirname)\n  .filter((file) => {\n    return (file.indexOf('.') !== 0) &&\n           (file !== basename) && (file.slice(-3) === '.js')\n  })\n  .forEach((file) => {\n    const model = sequelize.import(path.join(__dirname, file))\n    db[model.name] = model\n  })\n\nObject.keys(db).forEach((modelName) => {\n  if (db[modelName].associate) {\n    db[modelName].associate(db)\n  }\n})\n\ndb.sequelize = sequelize\ndb.Sequelize = Sequelize\n\nexport default db\n"]},"_coverageSchema":"1a1c01bbd47fc00a2c39e90264f33305004495a9","hash":"91dcba341c1228f4a1c68e1c7800cbfa3ae7ca80","contentHash":"87d44a2e3eb7c65a03c1294332ac27667004b455cb5cf37830f991561e550335"},"/app/api/server/src/config/config.js":{"path":"/app/api/server/src/config/config.js","statementMap":{"0":{"start":{"line":3,"column":0},"end":{"line":25,"column":2}}},"fnMap":{},"branchMap":{},"s":{"0":1},"f":{},"b":{},"inputSourceMap":{"version":3,"sources":["config.js"],"names":["module","exports"],"mappings":";;AAAAA,MAAM,CAACC,OAAP,GAAiB;AACf,iBAAe;AACb,gBAAY,UADC;AAEb,gBAAY,IAFC;AAGb,gBAAY,oBAHC;AAIb,YAAQ,IAJK;AAKb,eAAW;AALE,GADA;AAQf,UAAQ;AACN,gBAAY,UADN;AAEN,gBAAY,IAFN;AAGN,gBAAY,aAHN;AAIN,YAAQ,IAJF;AAKN,eAAW;AALL,GARO;AAef,gBAAc;AACZ,gBAAY,UADA;AAEZ,gBAAY,IAFA;AAGZ,gBAAY,mBAHA;AAIZ,YAAQ,IAJI;AAKZ,eAAW;AALC;AAfC,CAAjB","sourceRoot":"/app/api/server/src/config","sourcesContent":["module.exports = {\n  \"development\": {\n    \"username\": \"postgres\",\n    \"password\": null,\n    \"database\": \"burger_development\",\n    \"host\": \"db\",\n    \"dialect\": \"postgres\",\n  },\n  \"test\": {\n    \"username\": \"postgres\",\n    \"password\": null,\n    \"database\": \"burger_test\",\n    \"host\": \"db\",\n    \"dialect\": \"postgres\",\n  },\n  \"production\": {\n    \"username\": \"postgres\",\n    \"password\": null,\n    \"database\": \"burger_production\",\n    \"host\": \"db\",\n    \"dialect\": \"postgres\",\n  }\n}\n"]},"_coverageSchema":"1a1c01bbd47fc00a2c39e90264f33305004495a9","hash":"3a4c35b2a79a017c3b91e747fb792c4cc5c72b3b","contentHash":"05cca96fd7573f46894b16c0a4559c8a3d372524fb61afa391d204777af33c9a"},"/app/api/server/src/models/order.js":{"path":"/app/api/server/src/models/order.js","statementMap":{"0":{"start":{"line":3,"column":0},"end":{"line":19,"column":2}},"1":{"start":{"line":4,"column":14},"end":{"line":11,"column":4}},"2":{"start":{"line":13,"column":2},"end":{"line":16,"column":4}},"3":{"start":{"line":14,"column":4},"end":{"line":14,"column":34}},"4":{"start":{"line":15,"column":4},"end":{"line":15,"column":36}},"5":{"start":{"line":18,"column":2},"end":{"line":18,"column":15}}},"fnMap":{"0":{"name":"(anonymous_0)","decl":{"start":{"line":3,"column":17},"end":{"line":3,"column":18}},"loc":{"start":{"line":3,"column":49},"end":{"line":19,"column":1}},"line":3},"1":{"name":"(anonymous_1)","decl":{"start":{"line":13,"column":20},"end":{"line":13,"column":21}},"loc":{"start":{"line":13,"column":38},"end":{"line":16,"column":3}},"line":13}},"branchMap":{},"s":{"0":1,"1":1,"2":1,"3":1,"4":1,"5":1},"f":{"0":1,"1":1},"b":{},"inputSourceMap":{"version":3,"sources":["order.js"],"names":["module","exports","sequelize","DataTypes","Order","define","TableId","INTEGER","status","ENUM","deletedAt","paranoid","timestamps","associate","models","belongsTo","Table","hasMany","OrderItem"],"mappings":"AAAA;;AACAA,MAAM,CAACC,OAAP,GAAiB,UAACC,SAAD,EAAYC,SAAZ,EAA0B;AACzC,MAAMC,KAAK,GAAGF,SAAS,CAACG,MAAV,CAAiB,OAAjB,EAA0B;AACtCC,IAAAA,OAAO,EAAEH,SAAS,CAACI,OADmB;AAEtCC,IAAAA,MAAM,EAAEL,SAAS,CAACM,IAAV,CAAe,CAAC,SAAD,EAAY,MAAZ,EAAoB,WAApB,CAAf;AAF8B,GAA1B,EAGX;AACDC,IAAAA,SAAS,EAAE,WADV;AAEDC,IAAAA,QAAQ,EAAE,IAFT;AAGDC,IAAAA,UAAU,EAAE;AAHX,GAHW,CAAd;;AAQAR,EAAAA,KAAK,CAACS,SAAN,GAAkB,UAAUC,MAAV,EAAkB;AAClCV,IAAAA,KAAK,CAACW,SAAN,CAAgBD,MAAM,CAACE,KAAvB;AACAZ,IAAAA,KAAK,CAACa,OAAN,CAAcH,MAAM,CAACI,SAArB;AACD,GAHD;;AAIA,SAAOd,KAAP;AACD,CAdD","sourceRoot":"/app/api/server/src/models","sourcesContent":["'use strict';\nmodule.exports = (sequelize, DataTypes) => {\n  const Order = sequelize.define('Order', {\n    TableId: DataTypes.INTEGER,\n    status: DataTypes.ENUM([\"pending\", \"done\", \"delivered\"])\n  }, {\n    deletedAt: 'deletedAt',\n    paranoid: true,\n    timestamps: true,\n  });\n  Order.associate = function (models) {\n    Order.belongsTo(models.Table);\n    Order.hasMany(models.OrderItem);\n  };\n  return Order;\n};"]},"_coverageSchema":"1a1c01bbd47fc00a2c39e90264f33305004495a9","hash":"1c00e86b74c80d48e892ff85f9bba1d4e880036c","contentHash":"a96539a17bb772bbb786fbda55d07a0d647eec4df7bf1866f1da5dcd77419ed6"},"/app/api/server/src/models/orderItem.js":{"path":"/app/api/server/src/models/orderItem.js","statementMap":{"0":{"start":{"line":3,"column":0},"end":{"line":15,"column":2}},"1":{"start":{"line":4,"column":18},"end":{"line":8,"column":8}},"2":{"start":{"line":10,"column":2},"end":{"line":12,"column":4}},"3":{"start":{"line":11,"column":4},"end":{"line":11,"column":40}},"4":{"start":{"line":14,"column":2},"end":{"line":14,"column":19}}},"fnMap":{"0":{"name":"(anonymous_0)","decl":{"start":{"line":3,"column":17},"end":{"line":3,"column":18}},"loc":{"start":{"line":3,"column":49},"end":{"line":15,"column":1}},"line":3},"1":{"name":"(anonymous_1)","decl":{"start":{"line":10,"column":24},"end":{"line":10,"column":25}},"loc":{"start":{"line":10,"column":42},"end":{"line":12,"column":3}},"line":10}},"branchMap":{},"s":{"0":1,"1":1,"2":1,"3":1,"4":1},"f":{"0":1,"1":1},"b":{},"inputSourceMap":{"version":3,"sources":["orderItem.js"],"names":["module","exports","sequelize","DataTypes","OrderItem","define","OrderId","INTEGER","ProductId","extras","STRING","associate","models","belongsTo","Product"],"mappings":"AAAA;;AACAA,MAAM,CAACC,OAAP,GAAiB,UAACC,SAAD,EAAYC,SAAZ,EAA0B;AACzC,MAAMC,SAAS,GAAGF,SAAS,CAACG,MAAV,CAAiB,WAAjB,EAA8B;AAC9CC,IAAAA,OAAO,EAAEH,SAAS,CAACI,OAD2B;AAE9CC,IAAAA,SAAS,EAAEL,SAAS,CAACI,OAFyB;AAG9CE,IAAAA,MAAM,EAAEN,SAAS,CAACO;AAH4B,GAA9B,EAIf,EAJe,CAAlB;;AAKAN,EAAAA,SAAS,CAACO,SAAV,GAAsB,UAASC,MAAT,EAAiB;AACrCR,IAAAA,SAAS,CAACS,SAAV,CAAoBD,MAAM,CAACE,OAA3B;AACD,GAFD;;AAGA,SAAOV,SAAP;AACD,CAVD","sourceRoot":"/app/api/server/src/models","sourcesContent":["'use strict';\nmodule.exports = (sequelize, DataTypes) => {\n  const OrderItem = sequelize.define('OrderItem', {\n    OrderId: DataTypes.INTEGER,\n    ProductId: DataTypes.INTEGER,\n    extras: DataTypes.STRING,\n  }, {});\n  OrderItem.associate = function(models) {\n    OrderItem.belongsTo(models.Product);\n  };\n  return OrderItem;\n};"]},"_coverageSchema":"1a1c01bbd47fc00a2c39e90264f33305004495a9","hash":"3d076f2a2cbfd0df3f5610184573e3ea39916cc4","contentHash":"126b4b58200cdc550ddbb2d465572aada184e70f71bde894baac832d552f89ba"},"/app/api/server/src/models/product.js":{"path":"/app/api/server/src/models/product.js","statementMap":{"0":{"start":{"line":3,"column":0},"end":{"line":16,"column":2}},"1":{"start":{"line":4,"column":16},"end":{"line":10,"column":8}},"2":{"start":{"line":12,"column":2},"end":{"line":13,"column":4}},"3":{"start":{"line":15,"column":2},"end":{"line":15,"column":17}}},"fnMap":{"0":{"name":"(anonymous_0)","decl":{"start":{"line":3,"column":17},"end":{"line":3,"column":18}},"loc":{"start":{"line":3,"column":49},"end":{"line":16,"column":1}},"line":3},"1":{"name":"(anonymous_1)","decl":{"start":{"line":12,"column":22},"end":{"line":12,"column":23}},"loc":{"start":{"line":12,"column":40},"end":{"line":13,"column":3}},"line":12}},"branchMap":{},"s":{"0":1,"1":1,"2":1,"3":1},"f":{"0":1,"1":1},"b":{},"inputSourceMap":{"version":3,"sources":["product.js"],"names":["module","exports","sequelize","DataTypes","Product","define","name","STRING","price","DOUBLE","image","is_breakfast","BOOLEAN","category","associate","models"],"mappings":"AAAA;;AACAA,MAAM,CAACC,OAAP,GAAiB,UAACC,SAAD,EAAYC,SAAZ,EAA0B;AACzC,MAAMC,OAAO,GAAGF,SAAS,CAACG,MAAV,CAAiB,SAAjB,EAA4B;AAC1CC,IAAAA,IAAI,EAAEH,SAAS,CAACI,MAD0B;AAE1CC,IAAAA,KAAK,EAAEL,SAAS,CAACM,MAFyB;AAG1CC,IAAAA,KAAK,EAAEP,SAAS,CAACI,MAHyB;AAI1CI,IAAAA,YAAY,EAAER,SAAS,CAACS,OAJkB;AAK1CC,IAAAA,QAAQ,EAAEV,SAAS,CAACI;AALsB,GAA5B,EAMb,EANa,CAAhB;;AAQAH,EAAAA,OAAO,CAACU,SAAR,GAAoB,UAASC,MAAT,EAAiB,CACnC;AACD,GAFD;;AAGA,SAAOX,OAAP;AACD,CAbD","sourceRoot":"/app/api/server/src/models","sourcesContent":["'use strict';\nmodule.exports = (sequelize, DataTypes) => {\n  const Product = sequelize.define('Product', {\n    name: DataTypes.STRING,\n    price: DataTypes.DOUBLE,\n    image: DataTypes.STRING,\n    is_breakfast: DataTypes.BOOLEAN,\n    category: DataTypes.STRING\n  }, {\n  });\n  Product.associate = function(models) {\n    // associations can be defined here\n  };\n  return Product;\n};"]},"_coverageSchema":"1a1c01bbd47fc00a2c39e90264f33305004495a9","hash":"d88824d07d00f1f375aaef7cfe6bdeebc4d3683f","contentHash":"ef33be57359c78e1e5a08f91d43cd8bf3db963630af760f727fa9909d40fce07"},"/app/api/server/src/models/table.js":{"path":"/app/api/server/src/models/table.js","statementMap":{"0":{"start":{"line":3,"column":0},"end":{"line":12,"column":2}},"1":{"start":{"line":4,"column":14},"end":{"line":6,"column":8}},"2":{"start":{"line":8,"column":2},"end":{"line":9,"column":4}},"3":{"start":{"line":11,"column":2},"end":{"line":11,"column":15}}},"fnMap":{"0":{"name":"(anonymous_0)","decl":{"start":{"line":3,"column":17},"end":{"line":3,"column":18}},"loc":{"start":{"line":3,"column":49},"end":{"line":12,"column":1}},"line":3},"1":{"name":"(anonymous_1)","decl":{"start":{"line":8,"column":20},"end":{"line":8,"column":21}},"loc":{"start":{"line":8,"column":38},"end":{"line":9,"column":3}},"line":8}},"branchMap":{},"s":{"0":1,"1":1,"2":1,"3":1},"f":{"0":1,"1":1},"b":{},"inputSourceMap":{"version":3,"sources":["table.js"],"names":["module","exports","sequelize","DataTypes","Table","define","number","STRING","associate","models"],"mappings":"AAAA;;AACAA,MAAM,CAACC,OAAP,GAAiB,UAACC,SAAD,EAAYC,SAAZ,EAA0B;AACzC,MAAMC,KAAK,GAAGF,SAAS,CAACG,MAAV,CAAiB,OAAjB,EAA0B;AACtCC,IAAAA,MAAM,EAAEH,SAAS,CAACI;AADoB,GAA1B,EAEX,EAFW,CAAd;;AAIAH,EAAAA,KAAK,CAACI,SAAN,GAAkB,UAASC,MAAT,EAAiB,CACjC;AACD,GAFD;;AAGA,SAAOL,KAAP;AACD,CATD","sourceRoot":"/app/api/server/src/models","sourcesContent":["'use strict';\nmodule.exports = (sequelize, DataTypes) => {\n  const Table = sequelize.define('Table', {\n    number: DataTypes.STRING\n  }, {\n  });\n  Table.associate = function(models) {\n    // associations can be defined here\n  };\n  return Table;\n};"]},"_coverageSchema":"1a1c01bbd47fc00a2c39e90264f33305004495a9","hash":"5d65a7fd2ee7717f1506c099b1d8e1ac11546e2c","contentHash":"9c49193c623ad0d63cb15aed2d8eb04344b6869aae3465d45fa14ed65b38c32a"},"/app/api/server/utils/Utils.js":{"path":"/app/api/server/utils/Utils.js","statementMap":{"0":{"start":{"line":3,"column":29},"end":{"line":3,"column":84}},"1":{"start":{"line":5,"column":0},"end":{"line":7,"column":3}},"2":{"start":{"line":8,"column":0},"end":{"line":8,"column":28}},"3":{"start":{"line":10,"column":23},"end":{"line":10,"column":95}},"4":{"start":{"line":12,"column":20},"end":{"line":12,"column":89}},"5":{"start":{"line":16,"column":0},"end":{"line":60,"column":3}},"6":{"start":{"line":18,"column":4},"end":{"line":18,"column":49}},"7":{"start":{"line":19,"column":4},"end":{"line":19,"column":27}},"8":{"start":{"line":20,"column":4},"end":{"line":20,"column":21}},"9":{"start":{"line":21,"column":4},"end":{"line":21,"column":21}},"10":{"start":{"line":22,"column":4},"end":{"line":22,"column":24}},"11":{"start":{"line":25,"column":2},"end":{"line":58,"column":6}},"12":{"start":{"line":28,"column":6},"end":{"line":28,"column":35}},"13":{"start":{"line":29,"column":6},"end":{"line":29,"column":29}},"14":{"start":{"line":30,"column":6},"end":{"line":30,"column":23}},"15":{"start":{"line":31,"column":6},"end":{"line":31,"column":28}},"16":{"start":{"line":36,"column":6},"end":{"line":36,"column":35}},"17":{"start":{"line":37,"column":6},"end":{"line":37,"column":29}},"18":{"start":{"line":38,"column":6},"end":{"line":38,"column":26}},"19":{"start":{"line":43,"column":19},"end":{"line":47,"column":7}},"20":{"start":{"line":49,"column":6},"end":{"line":51,"column":7}},"21":{"start":{"line":50,"column":8},"end":{"line":50,"column":56}},"22":{"start":{"line":53,"column":6},"end":{"line":56,"column":9}},"23":{"start":{"line":59,"column":2},"end":{"line":59,"column":14}},"24":{"start":{"line":62,"column":0},"end":{"line":62,"column":26}}},"fnMap":{"0":{"name":"(anonymous_0)","decl":{"start":{"line":16,"column":0},"end":{"line":16,"column":1}},"loc":{"start":{"line":16,"column":12},"end":{"line":60,"column":1}},"line":16},"1":{"name":"Util","decl":{"start":{"line":17,"column":11},"end":{"line":17,"column":15}},"loc":{"start":{"line":17,"column":18},"end":{"line":23,"column":3}},"line":17},"2":{"name":"setSuccess","decl":{"start":{"line":27,"column":20},"end":{"line":27,"column":30}},"loc":{"start":{"line":27,"column":58},"end":{"line":32,"column":5}},"line":27},"3":{"name":"setError","decl":{"start":{"line":35,"column":20},"end":{"line":35,"column":28}},"loc":{"start":{"line":35,"column":50},"end":{"line":39,"column":5}},"line":35},"4":{"name":"send","decl":{"start":{"line":42,"column":20},"end":{"line":42,"column":24}},"loc":{"start":{"line":42,"column":30},"end":{"line":57,"column":5}},"line":42}},"branchMap":{"0":{"loc":{"start":{"line":49,"column":6},"end":{"line":51,"column":7}},"type":"if","locations":[{"start":{"line":49,"column":6},"end":{"line":51,"column":7}},{"start":{"line":49,"column":6},"end":{"line":51,"column":7}}],"line":49}},"s":{"0":1,"1":1,"2":1,"3":1,"4":1,"5":1,"6":4,"7":4,"8":4,"9":4,"10":4,"11":1,"12":0,"13":0,"14":0,"15":0,"16":1,"17":1,"18":1,"19":1,"20":1,"21":0,"22":1,"23":1,"24":1},"f":{"0":1,"1":4,"2":0,"3":1,"4":1},"b":{"0":[0,1]},"inputSourceMap":{"version":3,"sources":["Utils.js"],"names":["Util","statusCode","type","data","message","res","result","status","json"],"mappings":";;;;;;;;;;;;;IAAqBA,I;;;AACnB,kBAAc;AAAA;AACZ,SAAKC,UAAL,GAAkB,IAAlB;AACA,SAAKC,IAAL,GAAY,IAAZ;AACA,SAAKC,IAAL,GAAY,IAAZ;AACA,SAAKC,OAAL,GAAe,IAAf;AACD;;;;+BAEUH,U,EAAYG,O,EAASD,I,EAAM;AACpC,WAAKF,UAAL,GAAkBA,UAAlB;AACA,WAAKG,OAAL,GAAeA,OAAf;AACA,WAAKD,IAAL,GAAYA,IAAZ;AACA,WAAKD,IAAL,GAAY,SAAZ;AACD;;;6BAEQD,U,EAAYG,O,EAAS;AAC5B,WAAKH,UAAL,GAAkBA,UAAlB;AACA,WAAKG,OAAL,GAAeA,OAAf;AACA,WAAKF,IAAL,GAAY,OAAZ;AACD;;;yBAEIG,G,EAAK;AACR,UAAMC,MAAM,GAAG;AACbC,QAAAA,MAAM,EAAE,KAAKL,IADA;AAEbE,QAAAA,OAAO,EAAE,KAAKA,OAFD;AAGbD,QAAAA,IAAI,EAAE,KAAKA;AAHE,OAAf;;AAMA,UAAI,KAAKD,IAAL,KAAc,SAAlB,EAA6B;AAC3B,eAAOG,GAAG,CAACE,MAAJ,CAAW,KAAKN,UAAhB,EAA4BO,IAA5B,CAAiCF,MAAjC,CAAP;AACD;;AACD,aAAOD,GAAG,CAACE,MAAJ,CAAW,KAAKN,UAAhB,EAA4BO,IAA5B,CAAiC;AACtCD,QAAAA,MAAM,EAAE,KAAKL,IADyB;AAEtCE,QAAAA,OAAO,EAAE,KAAKA;AAFwB,OAAjC,CAAP;AAID","sourceRoot":"/app/api/server/utils","sourcesContent":["export default class Util {\n  constructor() {\n    this.statusCode = null\n    this.type = null\n    this.data = null\n    this.message = null\n  }\n\n  setSuccess(statusCode, message, data) {\n    this.statusCode = statusCode\n    this.message = message\n    this.data = data\n    this.type = 'success'\n  }\n\n  setError(statusCode, message) {\n    this.statusCode = statusCode\n    this.message = message\n    this.type = 'error'\n  }\n\n  send(res) {\n    const result = {\n      status: this.type,\n      message: this.message,\n      data: this.data,\n    }\n\n    if (this.type === 'success') {\n      return res.status(this.statusCode).json(result)\n    }\n    return res.status(this.statusCode).json({\n      status: this.type,\n      message: this.message,\n    })\n  }\n}"]},"_coverageSchema":"1a1c01bbd47fc00a2c39e90264f33305004495a9","hash":"064f4f29d429849426dbad1ac7fdc28e7acf57f9","contentHash":"d8de71ac22ed6262c0c93a144daee074f08416a895408d95d057370dbb7586db"},"/app/api/server/routes/TableRoutes.js":{"path":"/app/api/server/routes/TableRoutes.js","statementMap":{"0":{"start":{"line":3,"column":29},"end":{"line":3,"column":84}},"1":{"start":{"line":5,"column":0},"end":{"line":7,"column":3}},"2":{"start":{"line":8,"column":0},"end":{"line":8,"column":28}},"3":{"start":{"line":10,"column":15},"end":{"line":10,"column":33}},"4":{"start":{"line":12,"column":23},"end":{"line":12,"column":88}},"5":{"start":{"line":14,"column":13},"end":{"line":14,"column":35}},"6":{"start":{"line":15,"column":0},"end":{"line":15,"column":58}},"7":{"start":{"line":16,"column":0},"end":{"line":16,"column":55}},"8":{"start":{"line":17,"column":0},"end":{"line":17,"column":57}},"9":{"start":{"line":18,"column":0},"end":{"line":18,"column":61}},"10":{"start":{"line":19,"column":0},"end":{"line":19,"column":66}},"11":{"start":{"line":20,"column":15},"end":{"line":20,"column":21}},"12":{"start":{"line":21,"column":0},"end":{"line":21,"column":30}}},"fnMap":{},"branchMap":{},"s":{"0":1,"1":1,"2":1,"3":1,"4":1,"5":1,"6":1,"7":1,"8":1,"9":1,"10":1,"11":1,"12":1},"f":{},"b":{},"inputSourceMap":{"version":3,"sources":["TableRoutes.js"],"names":["router","get","TableController","getAllTables","post","addTable","getTable","put","updatedTable","deleteTable"],"mappings":";;;;;;;;;AAAA;;AACA;;AAEA,IAAMA,MAAM,GAAG,sBAAf;AACAA,MAAM,CAACC,GAAP,CAAW,GAAX,EAAgBC,4BAAgBC,YAAhC;AACAH,MAAM,CAACI,IAAP,CAAY,GAAZ,EAAiBF,4BAAgBG,QAAjC;AACAL,MAAM,CAACC,GAAP,CAAW,MAAX,EAAmBC,4BAAgBI,QAAnC;AACAN,MAAM,CAACO,GAAP,CAAW,MAAX,EAAmBL,4BAAgBM,YAAnC;AACAR,MAAM,UAAN,CAAc,MAAd,EAAsBE,4BAAgBO,WAAtC;eACeT,M","sourceRoot":"/app/api/server/routes","sourcesContent":["import { Router } from 'express'\nimport TableController from '../controllers/TableController'\n\nconst router = Router()\nrouter.get('/', TableController.getAllTables)\nrouter.post('/', TableController.addTable)\nrouter.get('/:id', TableController.getTable)\nrouter.put('/:id', TableController.updatedTable)\nrouter.delete('/:id', TableController.deleteTable)\nexport default router"]},"_coverageSchema":"1a1c01bbd47fc00a2c39e90264f33305004495a9","hash":"bbf4814b02926fa73617fc9a6b9c3925c643be25","contentHash":"47a711d3ff4d21487a8b90ba965a19316d2f7439df69ad979d815d68d5a372f0"},"/app/api/server/controllers/TableController.js":{"path":"/app/api/server/controllers/TableController.js","statementMap":{"0":{"start":{"line":3,"column":29},"end":{"line":3,"column":84}},"1":{"start":{"line":5,"column":0},"end":{"line":7,"column":3}},"2":{"start":{"line":8,"column":0},"end":{"line":8,"column":28}},"3":{"start":{"line":10,"column":19},"end":{"line":10,"column":80}},"4":{"start":{"line":12,"column":25},"end":{"line":12,"column":99}},"5":{"start":{"line":14,"column":23},"end":{"line":14,"column":95}},"6":{"start":{"line":16,"column":20},"end":{"line":16,"column":89}},"7":{"start":{"line":18,"column":20},"end":{"line":18,"column":79}},"8":{"start":{"line":20,"column":13},"end":{"line":20,"column":62}},"9":{"start":{"line":22,"column":11},"end":{"line":22,"column":34}},"10":{"start":{"line":26,"column":0},"end":{"line":303,"column":3}},"11":{"start":{"line":28,"column":4},"end":{"line":28,"column":60}},"12":{"start":{"line":31,"column":2},"end":{"line":301,"column":6}},"13":{"start":{"line":34,"column":26},"end":{"line":69,"column":9}},"14":{"start":{"line":38,"column":8},"end":{"line":68,"column":36}},"15":{"start":{"line":39,"column":10},"end":{"line":67,"column":11}},"16":{"start":{"line":40,"column":12},"end":{"line":66,"column":13}},"17":{"start":{"line":42,"column":16},"end":{"line":42,"column":34}},"18":{"start":{"line":43,"column":16},"end":{"line":43,"column":34}},"19":{"start":{"line":44,"column":16},"end":{"line":44,"column":63}},"20":{"start":{"line":47,"column":16},"end":{"line":47,"column":42}},"21":{"start":{"line":49,"column":16},"end":{"line":53,"column":17}},"22":{"start":{"line":50,"column":18},"end":{"line":50,"column":70}},"23":{"start":{"line":52,"column":18},"end":{"line":52,"column":57}},"24":{"start":{"line":55,"column":16},"end":{"line":55,"column":65}},"25":{"start":{"line":58,"column":16},"end":{"line":58,"column":34}},"26":{"start":{"line":59,"column":16},"end":{"line":59,"column":51}},"27":{"start":{"line":60,"column":16},"end":{"line":60,"column":48}},"28":{"start":{"line":61,"column":16},"end":{"line":61,"column":65}},"29":{"start":{"line":65,"column":16},"end":{"line":65,"column":39}},"30":{"start":{"line":72,"column":8},"end":{"line":72,"column":52}},"31":{"start":{"line":75,"column":6},"end":{"line":75,"column":26}},"32":{"start":{"line":80,"column":22},"end":{"line":121,"column":9}},"33":{"start":{"line":84,"column":8},"end":{"line":120,"column":38}},"34":{"start":{"line":85,"column":10},"end":{"line":119,"column":11}},"35":{"start":{"line":86,"column":12},"end":{"line":118,"column":13}},"36":{"start":{"line":88,"column":16},"end":{"line":88,"column":45}},"37":{"start":{"line":90,"column":16},"end":{"line":93,"column":17}},"38":{"start":{"line":91,"column":18},"end":{"line":91,"column":37}},"39":{"start":{"line":92,"column":18},"end":{"line":92,"column":24}},"40":{"start":{"line":95,"column":16},"end":{"line":95,"column":70}},"41":{"start":{"line":96,"column":16},"end":{"line":96,"column":66}},"42":{"start":{"line":99,"column":16},"end":{"line":99,"column":36}},"43":{"start":{"line":100,"column":16},"end":{"line":100,"column":35}},"44":{"start":{"line":101,"column":16},"end":{"line":101,"column":35}},"45":{"start":{"line":102,"column":16},"end":{"line":102,"column":67}},"46":{"start":{"line":105,"column":16},"end":{"line":105,"column":46}},"47":{"start":{"line":106,"column":16},"end":{"line":106,"column":67}},"48":{"start":{"line":107,"column":16},"end":{"line":107,"column":66}},"49":{"start":{"line":110,"column":16},"end":{"line":110,"column":36}},"50":{"start":{"line":111,"column":16},"end":{"line":111,"column":53}},"51":{"start":{"line":112,"column":16},"end":{"line":112,"column":57}},"52":{"start":{"line":113,"column":16},"end":{"line":113,"column":66}},"53":{"start":{"line":117,"column":16},"end":{"line":117,"column":40}},"54":{"start":{
[...]
 {\n      const updateOrderItem = await OrderItemService.updateOrderItem(id, alteredOrderItem)\n      if (!updateOrderItem) {\n        util.setError(404, `Cannot find OrderItem with the id: ${id}`)\n      } else {\n        util.setSuccess(200, 'OrderItem updated', updateOrderItem)\n      }\n      return util.send(res)\n    } catch (error) {\n      util.setError(404, error)\n      return util.send(res)\n    }\n  }\n\n  static async getOrderItem(req, res) {\n    const { id } = req.params\n\n    if (!Number(id)) {\n      util.setError(400, 'Please input a valid numeric value')\n      return util.send(res)\n    }\n\n    try {\n      const theOrderItem = await OrderItemService.getOrderItem(id)\n\n      if (!theOrderItem) {\n        util.setError(404, `Cannot find OrderItem with the id ${id}`)\n      } else {\n        util.setSuccess(200, 'Found OrderItem', theOrderItem)\n      }\n      return util.send(res)\n    } catch (error) {\n      util.setError(404, error)\n      return util.send(res)\n    }\n  }\n\n  static async deleteOrderItem(req, res) {\n    const { id } = req.params\n\n    if (!Number(id)) {\n      util.setError(400, 'Please provide a numeric value')\n      return util.send(res)\n    }\n\n    try {\n      const OrderItemToDelete = await OrderItemService.deleteOrderItem(id)\n\n      if (OrderItemToDelete) {\n        util.setSuccess(200, 'OrderItem deleted')\n      } else {\n        util.setError(404, `OrderItem with the id ${id} cannot be found`)\n      }\n      return util.send(res)\n    } catch (error) {\n      util.setError(400, error)\n      return util.send(res)\n    }\n  }\n}\n\nexport default OrderItemController"]},"_coverageSchema":"1a1c01bbd47fc00a2c39e90264f33305004495a9","hash":"a35b6d824bed5917d17ce710ff90b16946a8bb2e","contentHash":"0d0278cf83aceec087c6f30d593c5b6d9ef60b8e5eb49311e187d57b25181dc4"},"/app/api/server/services/OrderItemService.js":{"path":"/app/api/server/services/OrderItemService.js","statementMap":{"0":{"start":{"line":3,"column":29},"end":{"line":3,"column":84}},"1":{"start":{"line":5,"column":0},"end":{"line":7,"column":3}},"2":{"start":{"line":8,"column":0},"end":{"line":8,"column":28}},"3":{"start":{"line":10,"column":19},"end":{"line":10,"column":80}},"4":{"start":{"line":12,"column":25},"end":{"line":12,"column":99}},"5":{"start":{"line":14,"column":23},"end":{"line":14,"column":95}},"6":{"start":{"line":16,"column":20},"end":{"line":16,"column":89}},"7":{"start":{"line":18,"column":14},"end":{"line":18,"column":62}},"8":{"start":{"line":22,"column":0},"end":{"line":259,"column":3}},"9":{"start":{"line":24,"column":4},"end":{"line":24,"column":61}},"10":{"start":{"line":27,"column":2},"end":{"line":257,"column":6}},"11":{"start":{"line":30,"column":30},"end":{"line":56,"column":9}},"12":{"start":{"line":33,"column":8},"end":{"line":55,"column":36}},"13":{"start":{"line":34,"column":10},"end":{"line":54,"column":11}},"14":{"start":{"line":35,"column":12},"end":{"line":53,"column":13}},"15":{"start":{"line":37,"column":16},"end":{"line":37,"column":34}},"16":{"start":{"line":38,"column":16},"end":{"line":38,"column":34}},"17":{"start":{"line":39,"column":16},"end":{"line":39,"column":62}},"18":{"start":{"line":42,"column":16},"end":{"line":42,"column":64}},"19":{"start":{"line":45,"column":16},"end":{"line":45,"column":34}},"20":{"start":{"line":46,"column":16},"end":{"line":46,"column":51}},"21":{"start":{"line":47,"column":16},"end":{"line":47,"column":41}},"22":{"start":{"line":48,"column":16},"end":{"line":48,"column":34}},"23":{"start":{"line":52,"column":16},"end":{"line":52,"column":39}},"24":{"start":{"line":59,"column":8},"end":{"line":59,"column":56}},"25":{"start":{"line":62,"column":6},"end":{"line":62,"column":30}},"26":{"start":{"line":67,"column":26},"end":{"line":88,"column":9}},"27":{"start":{"line":70,"column":8},"end":{"line":87,"column":37}},"28":{"start":{"line":71,"column":10},"end":{"line":86,"column":11}},"29":{"start":{"line":72,"column":12},"end":{"line":85,"column":13}},"30":{"start":{"line":74,"column":16},"end":{"line":74,"column":35}},"31":{"start":{"line":75,"column":16},"end":{"line":75,"column":101}},"32":{"start":{"line":78,"column":16},"end":{"line":78,"column":35}},"33":{"start":{"line":79,"column":16},"end":{"line":79,"column":53}},"34":{"start":{"line":80,"column":16},"end":{"line":80,"column":35}},"35":{"start":{"line":84,"column":16},"end":{"line":84,"column":40}},"36":{"start":{"line":91,"column":8},"end":{"line":91,"column":52}},"37":{"start":{"line":94,"column":6},"end":{"line":94,"column":26}},"38":{"start":{"line":99,"column":30},"end":{"line":147,"column":9}},"39":{"start":{"line":103,"column":8},"end":{"line":146,"column":38}},"40":{"start":{"line":104,"column":10},"end":{"line":145,"column":11}},"41":{"start":{"line":105,"column":12},"end":{"line":144,"column":13}},"42":{"start":{"line":107,"column":16},"end":{"line":107,"column":35}},"43":{"start":{"line":108,"column":16},"end":{"line":108,"column":35}},"44":{"start":{"line":109,"column":16},"end":{"line":113,"column":19}},"45":{"start":{"line":116,"column":16},"end":{"line":116,"column":51}},"46":{"start":{"line":118,"column":16},"end":{"line":121,"column":17}},"47":{"start":{"line":119,"column":18},"end":{"line":119,"column":37}},"48":{"start":{"line":120,"column":18},"end":{"line":120,"column":24}},"49":{"start":{"line":123,"column":16},"end":{"line":123,"column":35}},"50":{"start":{"line":124,"column":16},"end":{"line":128,"column":19}},"51":{"start":{"line":131,"column":16},"end":{"line":131,"column":68}},"52":{"start":{"line":134,"column":16},"end":{"line":134,"column":56}},"53":{"start":{"line":137,"column":16},"end":{"line":137,"column":36}},"54":{"start":{"line":138,"column":16},"end":{"line":138,"column":53}},"55":{"start":{"line":139,"column":16},"end":{"line":139,"column":35}},"56":{"start":{"line":143,"column":16},"end":{"line":143,"column":40}},"57":{"start":{"line":150,"column":8},"end":{"line":150,"column":56}},"58":{"start":{"line":153,"column":6},"end":{"line":153,"column":29}},"59":{"start":{"line":158,"column":26},"end":{"line":189,"column":9}},"60":{"start":{"line":162,"column":8},"end":{"line":188,"column":37}},"61":{"start":{"line":163,"column":10},"end":{"line":187,"column":11}},"62":{"start":{"line":164,"column":12},"end":{"line":186,"column":13}},"63":{"start":{"line":166,"column":16},"end":{"line":166,"column":35}},"64":{"start":{"line":167,"column":16},"end":{"line":167,"column":35}},"65":{"start":{"line":168,"column":16},"end":{"line":172,"column":19}},"66":{"start":{"line":175,"column":16},"end":{"line":175,"column":46}},"67":{"start":{"line":176,"column":16},"end":{"line":176,"column":64}},"68":{"start":{"line":179,"column":16},"end":{"line":179,"column":35}},"69":{"start":{"line":180,"column":16},"end":{"line":180,"column":53}},"70":{"start":{"line":181,"column":16},"end":{"line":181,"column":35}},"71":{"start":{"line":185,"column":16},"end":{"line":185,"column":40}},"72":{"start":{"line":192,"column":8},"end":{"line":192,"column":52}},"73":{"start":{"line":195,"column":6},"end":{"line":195,"column":26}},"74":{"start":{"line":200,"column":29},"end":{"line":249,"column":9}},"75":{"start":{"line":204,"column":8},"end":{"line":248,"column":38}},"76":{"start":{"line":205,"column":10},"end":{"line":247,"column":11}},"77":{"start":{"line":206,"column":12},"end":{"line":246,"column":13}},"78":{"start":{"line":208,"column":16},"end":{"line":208,"column":35}},"79":{"start":{"line":209,"column":16},"end":{"line":209,"column":35}},"80":{"start":{"line":210,"column":16},"end":{"line":214,"column":19}},"81":{"start":{"line":217,"column":16},"end":{"line":217,"column":51}},"82":{"start":{"line":219,"column":16},"end":{"line":222,"column":17}},"83":{"start":{"line":220,"column":18},"end":{"line":220,"column":37}},"84":{"start":{"line":221,"column":18},"end":{"line":221,"column":24}},"85":{"start":{"line":224,"column":16},"end":{"line":224,"column":35}},"86":{"start":{"line":225,"column":16},"end":{"line":229,"column":19}},"87":{"start":{"line":232,"column":16},"end":{"line":232,"column":50}},"88":{"start":{"line":233,"column":16},"end":{"line":233,"column":68}},"89":{"start":{"line":236,"column":16},"end":{"line":236,"column":56}},"90":{"start":{"line":239,"column":16},"end":{"line":239,"column":36}},"91":{"start":{"line":240,"column":16},"end":{"line":240,"column":53}},"92":{"start":{"line":241,"column":16},"end":{"line":241,"column":35}},"93":{"start":{"line":245,"column":16},"end":{"line":245,"column":40}},"94":{"start":{"line":252,"column":8},"end":{"line":252,"column":55}},"95":{"start":{"line":255,"column":6},"end":{"line":255,"column":29}},"96":{"start":{"line":258,"column":2},"end":{"line":258,"column":26}},"97":{"start":{"line":261,"column":15},"end":{"line":261,"column":31}},"98":{"start":{"line":262,"column":0},"end":{"line":262,"column":30}}},"fnMap":{"0":{"name":"(anonymous_0)","decl":{"start":{"line":22,"column":0},"end":{"line":22,"column":1}},"loc":{"start":{"line":22,"column":12},"end":{"line":259,"column":1}},"line":22},"1":{"name":"OrderItemService","decl":{"start":{"line":23,"column":11},"end":{"line":23,"column":27}},"loc":{"start":{"line":23,"column":30},"end":{"line":25,"column":3}},"line":23},"2":{"name":"(anonymous_2)","decl":{"start":{"line":29,"column":11},"end":{"line":29,"column":12}},"loc":{"start":{"line":29,"column":23},"end":{"line":63,"column":5}},"line":29},"3":{"name":"_callee","decl":{"start":{"line":32,"column":44},"end":{"line":32,"column":51}},"loc":{"start":{"line":32,"column":54},"end":{"line":56,"column":7}},"line":32},"4":{"name":"_callee$","decl":{"start":{"line":33,"column":53},"end":{"line":33,"column":61}},"loc":{"start":{"line":33,"column":72},"end":{"line":55,"column":9}},"line":33},"5":{"name":"getAllOrderItems","decl":{"start":{"line":58,"column":15},"end":{"line":58,"column":31}},"loc":{"start":{"line":58,"column":34},"end":{"line":60,"column":7}},"line":58},"6":{"name":"(anonymous_6)","decl":{"start":{"line":66,"column":11},"end":{"line":66,"column":12}},"loc":{"start":{"line":66,"column":23},"end":{"line":95,"column":5}},"line":66},"7":{"name":"_callee2","decl":{"start":{"line":69,"column":44},"end":{"line":69,"column":52}},"loc":{"start":{"line":69,"column":67},"end":{"line":88,"column":7}},"line":69},"8":{"name":"_callee2$","decl":{"start":{"line":70,"column":53},"end":{"line":70,"column":62}},"loc":{"start":{"line":70,"column":74},"end":{"line":87,"column":9}},"line":70},"9":{"name":"addOrderItem","decl":{"start":{"line":90,"column":15},"end":{"line":90,"column":27}},"loc":{"start":{"line":90,"column":32},"end":{"line":92,"column":7}},"line":90},"10":{"name":"(anonymous_10)","decl":{"start":{"line":98,"column":11},"end":{"line":98,"column":12}},"loc":{"start":{"line":98,"column":23},"end":{"line":154,"column":5}},"line":98},"11":{"name":"_callee3","decl":{"start":{"line":101,"column":44},"end":{"line":101,"column":52}},"loc":{"start":{"line":101,"column":75},"end":{"line":147,"column":7}},"line":101},"12":{"name":"_callee3$","decl":{"start":{"line":103,"column":53},"end":{"line":103,"column":62}},"loc":{"start":{"line":103,"column":74},"end":{"line":146,"column":9}},"line":103},"13":{"name":"updateOrderItem","decl":{"start":{"line":149,"column":15},"end":{"line":149,"column":30}},"loc":{"start":{"line":149,"column":41},"end":{"line":151,"column":7}},"line":149},"14":{"name":"(anonymous_14)","decl":{"start":{"line":157,"column":11},"end":{"line":157,"column":12}},"loc":{"start":{"line":157,"column":23},"end":{"line":196,"column":5}},"line":157},"15":{"name":"_callee4","decl":{"start":{"line":160,"column":44},"end":{"line":160,"column":52}},"loc":{"start":{"line":160,"column":57},"end":{"line":189,"column":7}},"line":160},"16":{"name":"_callee4$","decl":{"start":{"line":162,"column":53},"end":{"line":162,"column":62}},"loc":{"start":{"line":162,"column":74},"end":{"line":188,"column":9}},"line":162},"17":{"name":"getOrderItem","decl":{"start":{"line":191,"column":15},"end":{"line":191,"column":27}},"loc":{"start":{"line":191,"column":33},"end":{"line":193,"column":7}},"line":191},"18":{"name":"(anonymous_18)","decl":{"start":{"line":199,"column":11},"end":{"line":199,"column":12}},"loc":{"start":{"line":199,"column":23},"end":{"line":256,"column":5}},"line":199},"19":{"name":"_callee5","decl":{"start":{"line":202,"column":44},"end":{"line":202,"column":52}},"loc":{"start":{"line":202,"column":57},"end":{"line":249,"column":7}},"line":202},"20":{"name":"_callee5$","decl":{"start":{"line":204,"column":53},"end":{"line":204,"column":62}},"loc":{"start":{"line":204,"column":74},"end":{"line":248,"column":9}},"line":204},"21":{"name":"deleteOrderItem","decl":{"start":{"line":251,"column":15},"end":{"line":251,"column":30}},"loc":{"start":{"line":251,"column":36},"end":{"line":253,"column":7}},"line":251}},"branchMap":{"0":{"loc":{"start":{"line":35,"column":12},"end":{"line":53,"column":13}},"type":"switch","locations":[{"start":{"line":36,"column":14},"end":{"line":39,"column":62}},{"start":{"line":41,"column":14},"end":{"line":42,"column":64}},{"start":{"line":44,"column":14},"end":{"line":48,"column":34}},{"start":{"line":50,"column":14},"end":{"line":50,"column":22}},{"start":{"line":51,"column":14},"end":{"line":52,"column":39}}],"line":35},"1":{"loc":{"start":{"line":72,"column":12},"end":{"line":85,"column":13}},"type":"switch","locations":[{"start":{"line":73,"column":14},"end":{"line":75,"column":101}},{"start":{"line":77,"column":14},"end":{"line":80,"column":35}},{"start":{"line":82,"column":14},"end":{"line":82,"column":21}},{"start":{"line":83,"column":14},"end":{"line":84,"column":40}}],"line":72},"2":{"loc":{"start":{"line":105,"column":12},"end":{"line":144,"column":13}},"type":"switch","locations":[{"start":{"line":106,"column":14},"end":{"line":113,"column":19}},{"start":{"line":115,"column":14},"end":{"line":128,"column":19}},{"start":{"line":130,"column":14},"end":{"line":131,"column":68}},{"start":{"line":133,"column":14},"end":{"line":134,"column":56}},{"start":{"line":136,"column":14},"end":{"line":139,"column":35}},{"start":{"line":141,"column":14},"end":{"line":141,"column":22}},{"start":{"line":142,"column":14},"end":{"line":143,"column":40}}],"line":105},"3":{"loc":{"start":{"line":118,"column":16},"end":{"line":121,"column":17}},"type":"if","locations":[{"start":{"line":118,"column":16},"end":{"line":121,"column":17}},{"start":{"line":118,"column":16},"end":{"line":121,"column":17}}],"line":118},"4":{"loc":{"start":{"line":164,"column":12},"end":{"line":186,"column":13}},"type":"switch","locations":[{"start":{"line":165,"column":14},"end":{"line":172,"column":19}},{"start":{"line":174,"column":14},"end":{"line":176,"column":64}},{"start":{"line":178,"column":14},"end":{"line":181,"column":35}},{"start":{"line":183,"column":14},"end":{"line":183,"column":22}},{"start":{"line":184,"column":14},"end":{"line":185,"column":40}}],"line":164},"5":{"loc":{"start":{"line":206,"column":12},"end":{"line":246,"column":13}},"type":"switch","locations":[{"start":{"line":207,"column":14},"end":{"line":214,"column":19}},{"start":{"line":216,"column":14},"end":{"line":229,"column":19}},{"start":{"line":231,"column":14},"end":{"line":233,"column":68}},{"start":{"line":235,"column":14},"end":{"line":236,"column":56}},{"start":{"line":238,"column":14},"end":{"line":241,"column":35}},{"start":{"line":243,"column":14},"end":{"line":243,"column":22}},{"start":{"line":244,"column":14},"end":{"line":245,"column":40}}],"line":206},"6":{"loc":{"start":{"line":219,"column":16},"end":{"line":222,"column":17}},"type":"if","locations":[{"start":{"line":219,"column":16},"end":{"line":222,"column":17}},{"start":{"line":219,"column":16},"end":{"line":222,"column":17}}],"line":219}},"s":{"0":1,"1":1,"2":1,"3":1,"4":1,"5":1,"6":1,"7":1,"8":1,"9":0,"10":1,"11":1,"12":0,"13":0,"14":0,"15":0,"16":0,"17":0,"18":0,"19":0,"20":0,"21":0,"22":0,"23":0,"24":0,"25":1,"26":1,"27":0,"28":0,"29":0,"30":0,"31":0,"32":0,"33":0,"34":0,"35":0,"36":0,"37":1,"38":1,"39":0,"40":0,"41":0,"42":0,"43":0,"44":0,"45":0,"46":0,"47":0,"48":0,"49":0,"50":0,"51":0,"52":0,"53":0,"54":0,"55":0,"56":0,"57":0,"58":1,"59":1,"60":0,"61":0,"62":0,"63":0,"64":0,"65":0,"66":0,"67":0,"68":0,"69":0,"70":0,"71":0,"72":0,"73":1,"74":1,"75":0,"76":0,"77":0,"78":0,"79":0,"80":0,"81":0,"82":0,"83":0,"84":0,"85":0,"86":0,"87":0,"88":0,"89":0,"90":0,"91":0,"92":0,"93":0,"94":0,"95":1,"96":1,"97":1,"98":1},"f":{"0":1,"1":0,"2":1,"3":0,"4":0,"5":0,"6":1,"7":0,"8":0,"9":0,"10":1,"11":0,"12":0,"13":0,"14":1,"15":0,"16":0,"17":0,"18":1,"19":0,"20":0,"21":0},"b":{"0":[0,0,0,0,0],"1":[0,0,0,0],"2":[0,0,0,0,0,0,0],"3":[0,0],"4":[0,0,0,0,0],"5":[0,0,0,0,0,0,0],"6":[0,0]},"inputSourceMap":{"version":3,"sources":["OrderItemService.js"],"names":["OrderItemService","database","OrderItem","findAll","console","log","newOrderItem","create","id","updateOrderItem","findOne","where","Number","OrderItemToUpdate","update","theOrderItem","OrderItemToDelete","destroy","deletedOrderItem"],"mappings":";;;;;;;;;;;;;;;;;AAAA;;IAEMA,gB;;;;;;;;;;;;;;;;;;;uBAGaC,mBAASC,SAAT,CAAmBC,OAAnB,E;;;;;;;;AAEbC,gBAAAA,OAAO,CAACC,GAAR;;;;;;;;;;;;;;;;;;;;;;qDAKsBC,Y;;;;;;kDAEfL,mBAASC,SAAT,CAAmBK,MAAnB,CACLD,YADK,C;;;;;;;;;;;;;;;;;;;;;;;;;;qDAQkBE,E,EAAIC,gB;;;;;;;;uBAEGR,mBAASC,SAAT,CAAmBQ,OAAnB,CAA2B;AACzDC,kBAAAA,KAAK,EAAE;AAAEH,oBAAAA,EAAE,EAAEI,MAAM,CAACJ,EAAD;AAAZ;AADkD,iBAA3B,C;;;AAA1BK,gBAAAA,iB;;qBAIFA,iB;;;;;;uBACIZ,mBAASC,SAAT,CAAmBY,MAAnB,CAA0BL,gBAA1B,EAA2C;AAAEE,kBAAAA,KAAK,EAAE;AAAEH,oBAAAA,EAAE,EAAEI,MAAM,CAACJ,EAAD;AAAZ;AAAT,iBAA3C,C;;;kDAECC,gB;;;kDAEF,I;;;;;;;;;;;;;;;;;;;;;;;;;;qDAMeD,E;;;;;;;;uBAEKP,mBAASC,SAAT,CAAmBQ,OAAnB,CAA2B;AACpDC,kBAAAA,KAAK,EAAE;AAAEH,oBAAAA,EAAE,EAAEI,MAAM,CAACJ,EAAD;AAAZ;AAD6C,iBAA3B,C;;;AAArBO,gBAAAA,Y;kDAICA,Y;;;;;;;;;;;;;;;;;;;;;;;;;;qDAMkBP,E;;;;;;;;uBAEOP,mBAASC,SAAT,CAAmBQ,OAAnB,CAA2B;AAAEC,kBAAAA,KAAK,EAAE;AAAEH,oBAAAA,EAAE,EAAEI,MAAM,CAACJ,EAAD;AAAZ;AAAT,iBAA3B,C;;;AAA1BQ,gBAAAA,iB;;qBAEFA,iB;;;;;;uBAC6Bf,mBAASC,SAAT,CAAmBe,OAAnB,CAA2B;AACxDN,kBAAAA,KAAK,EAAE;AAAEH,oBAAAA,EAAE,EAAEI,MAAM,CAACJ,EAAD;AAAZ;AADiD,iBAA3B,C;;;AAAzBU,gBAAAA,gB;kDAGCA,gB;;;kDAEF,I;;;;;;;;;;;;;;;;;;;;;;;;;eAOElB,gB","sourceRoot":"/app/api/server/services","sourcesContent":["import database from '../src/models'\n\nclass OrderItemService {\n  static async getAllOrderItems() {\n    try {\n      return await database.OrderItem.findAll()\n    } catch (error) {\n      console.log(error);\n      throw error\n    }\n  }\n\n  static async addOrderItem(newOrderItem) {\n    try {\n      return database.OrderItem.create(\n        newOrderItem\n      );\n    } catch (error) {\n      throw error\n    }\n  }\n\n  static async updateOrderItem(id, updateOrderItem) {\n    try {\n      const OrderItemToUpdate = await database.OrderItem.findOne({\n        where: { id: Number(id) }\n      })\n\n      if (OrderItemToUpdate) {\n        await database.OrderItem.update(updateOrderItem, { where: { id: Number(id) } })\n\n        return updateOrderItem\n      }\n      return null\n    } catch (error) {\n      throw error\n    }\n  }\n\n  static async getOrderItem(id) {\n    try {\n      const theOrderItem = await database.OrderItem.findOne({\n        where: { id: Number(id) }\n      })\n\n      return theOrderItem\n    } catch (error) {\n      throw error\n    }\n  }\n\n  static async deleteOrderItem(id) {\n    try {\n      const OrderItemToDelete = await database.OrderItem.findOne({ where: { id: Number(id) } })\n\n      if (OrderItemToDelete) {\n        const deletedOrderItem = await database.OrderItem.destroy({\n          where: { id: Number(id) }\n        })\n        return deletedOrderItem\n      }\n      return null\n    } catch (error) {\n      throw error\n    }\n  }\n}\n\nexport default OrderItemService"]},"_coverageSchema":"1a1c01bbd47fc00a2c39e90264f33305004495a9","hash":"276d392bb252e8c67d98e7f377755b73d7a0e257","contentHash":"84c43f1c2aae797ff664cdc1e3753b0e254604807e42f5a715e3c64c76d302b0"}}